[ 2016-05-26T09:21:35+08:00 ] 127.0.0.1 /Member/login
INFO: [ app_init ] --START--
INFO: Run Behavior\BuildLiteBehavior [ RunTime:0.000000s ]
INFO: [ app_init ] --END-- [ RunTime:0.031250s ]
INFO: [ app_begin ] --START--
INFO: Run Behavior\ReadHtmlCacheBehavior [ RunTime:0.000000s ]
INFO: [ app_begin ] --END-- [ RunTime:0.000000s ]
SQL: SHOW COLUMNS FROM `member` [ RunTime:0.1250s ]
INFO: [ view_parse ] --START--
INFO: [ template_filter ] --START--
INFO: Run Behavior\ContentReplaceBehavior [ RunTime:0.000000s ]
INFO: [ template_filter ] --END-- [ RunTime:0.000000s ]
INFO: Run Behavior\ParseTemplateBehavior [ RunTime:0.218750s ]
INFO: [ view_parse ] --END-- [ RunTime:0.218750s ]
INFO: [ view_filter ] --START--
INFO: Run Behavior\WriteHtmlCacheBehavior [ RunTime:0.031250s ]
INFO: [ view_filter ] --END-- [ RunTime:0.031250s ]
INFO: [ app_end ] --START--
INFO: Run Behavior\ShowPageTraceBehavior [ RunTime:0.015625s ]
INFO: [ app_end ] --END-- [ RunTime:0.015625s ]

[ 2016-05-26T09:21:36+08:00 ] 127.0.0.1 /index.php/Captcha/captcha/nocache/1464225694.html
INFO: [ app_init ] --START--
INFO: Run Behavior\BuildLiteBehavior [ RunTime:0.000000s ]
INFO: [ app_init ] --END-- [ RunTime:0.000000s ]
INFO: [ app_begin ] --START--
INFO: Run Behavior\ReadHtmlCacheBehavior [ RunTime:0.015625s ]
INFO: [ app_begin ] --END-- [ RunTime:0.015625s ]

[ 2016-05-26T09:21:36+08:00 ] 127.0.0.1 /favicon.ico
INFO: [ app_init ] --START--
INFO: Run Behavior\BuildLiteBehavior [ RunTime:0.000000s ]
INFO: [ app_init ] --END-- [ RunTime:0.000000s ]

[ 2016-05-26T09:21:36+08:00 ] 127.0.0.1 /index.php/Member/getUserInfo.html
INFO: [ app_init ] --START--
INFO: Run Behavior\BuildLiteBehavior [ RunTime:0.000000s ]
INFO: [ app_init ] --END-- [ RunTime:0.000000s ]
INFO: [ app_begin ] --START--
INFO: Run Behavior\ReadHtmlCacheBehavior [ RunTime:0.000000s ]
INFO: [ app_begin ] --END-- [ RunTime:0.000000s ]
SQL: SHOW COLUMNS FROM `member` [ RunTime:0.0156s ]
NOTIC: [2] Missing argument 1 for login(), called in D:\jingxishop\www.shop.com\Application\Home\Controller\MemberController.class.php on line 110 and defined D:\jingxishop\www.shop.com\Application\Home\Common\function.php 第 9 行.
NOTIC: [8] Undefined variable: user_info D:\jingxishop\www.shop.com\Application\Home\Common\function.php 第 10 行.

[ 2016-05-26T09:21:47+08:00 ] 127.0.0.1 /Member/login
INFO: [ app_init ] --START--
INFO: Run Behavior\BuildLiteBehavior [ RunTime:0.000000s ]
INFO: [ app_init ] --END-- [ RunTime:0.000000s ]
INFO: [ app_begin ] --START--
INFO: Run Behavior\ReadHtmlCacheBehavior [ RunTime:0.000000s ]
INFO: [ app_begin ] --END-- [ RunTime:0.000000s ]
SQL: SHOW COLUMNS FROM `member` [ RunTime:0.0000s ]
NOTIC: [8] Undefined index: validate D:\jingxishop\ThinkPHP\Library\Think\Model.class.php 第 1185 行.
NOTIC: [8] Undefined index: auto D:\jingxishop\ThinkPHP\Library\Think\Model.class.php 第 1128 行.
SQL: SELECT * FROM `member` WHERE `username` = 'hhh' LIMIT 1   [ RunTime:0.1094s ]
SQL: SHOW COLUMNS FROM `shopping_car` [ RunTime:0.0625s ]
NOTIC: [2] Missing argument 1 for login(), called in D:\jingxishop\www.shop.com\Application\Home\Model\CartModel.class.php on line 112 and defined D:\jingxishop\www.shop.com\Application\Home\Common\function.php 第 9 行.
NOTIC: [8] Undefined variable: user_info D:\jingxishop\www.shop.com\Application\Home\Common\function.php 第 10 行.
SQL: DELETE FROM `shopping_car` WHERE `goods_id` IN (3,5) AND `member_id` = 1 [ RunTime:0.0313s ]
SQL: INSERT INTO `shopping_car` (`member_id`,`amount`,`goods_id`) VALUES ('1','3','3'),('1','3','5') [ RunTime:0.0156s ]
SQL: UPDATE `member` SET `last_login_time`='1464225706',`last_login_ip`='127.0.0.1' WHERE `id` = 1 [ RunTime:0.0156s ]
INFO: [ view_parse ] --START--
INFO: [ template_filter ] --START--
INFO: Run Behavior\ContentReplaceBehavior [ RunTime:0.000000s ]
INFO: [ template_filter ] --END-- [ RunTime:0.000000s ]
INFO: Run Behavior\ParseTemplateBehavior [ RunTime:0.046875s ]
INFO: [ view_parse ] --END-- [ RunTime:0.046875s ]
INFO: [ view_filter ] --START--
INFO: Run Behavior\WriteHtmlCacheBehavior [ RunTime:0.000000s ]
INFO: [ view_filter ] --END-- [ RunTime:0.000000s ]
INFO: [ app_end ] --START--
INFO: Run Behavior\ShowPageTraceBehavior [ RunTime:0.015625s ]
INFO: [ app_end ] --END-- [ RunTime:0.015625s ]

[ 2016-05-26T09:21:49+08:00 ] 127.0.0.1 /index.php/Index/index.html
INFO: [ app_init ] --START--
INFO: Run Behavior\BuildLiteBehavior [ RunTime:0.000000s ]
INFO: [ app_init ] --END-- [ RunTime:0.000000s ]
INFO: [ app_begin ] --START--
INFO: Run Behavior\ReadHtmlCacheBehavior [ RunTime:0.000000s ]
INFO: [ app_begin ] --END-- [ RunTime:0.000000s ]
NOTIC: [2] Missing argument 1 for login(), called in D:\jingxishop\www.shop.com\Application\Home\Controller\IndexController.class.php on line 8 and defined D:\jingxishop\www.shop.com\Application\Home\Common\function.php 第 9 行.
NOTIC: [8] Undefined variable: user_info D:\jingxishop\www.shop.com\Application\Home\Common\function.php 第 10 行.
SQL: SHOW COLUMNS FROM `goods_category` [ RunTime:0.0781s ]
SQL: SELECT `id`,`name`,`parent_id` FROM `goods_category` WHERE `status` = 1  [ RunTime:0.0156s ]
SQL: SHOW COLUMNS FROM `article_category` [ RunTime:0.0625s ]
SQL: SELECT `id`,`name` FROM `article_category` WHERE `status` = 1  [ RunTime:0.0000s ]
SQL: SHOW COLUMNS FROM `article` [ RunTime:0.0469s ]
SQL: SELECT `id`,`id`,`name` FROM `article` WHERE (  `status` = 1 ) AND (  `article_category_id` = 1 ) LIMIT 6   [ RunTime:0.0000s ]
SQL: SELECT `id`,`id`,`name` FROM `article` WHERE (  `status` = 1 ) AND (  `article_category_id` = 3 ) LIMIT 6   [ RunTime:0.0000s ]
SQL: SELECT `id`,`id`,`name` FROM `article` WHERE (  `status` = 1 ) AND (  `article_category_id` = 4 ) LIMIT 6   [ RunTime:0.0000s ]
SQL: SELECT `id`,`id`,`name` FROM `article` WHERE (  `status` = 1 ) AND (  `article_category_id` = 5 ) LIMIT 6   [ RunTime:0.0000s ]
SQL: SELECT `id`,`id`,`name` FROM `article` WHERE (  `status` = 1 ) AND (  `article_category_id` = 6 ) LIMIT 6   [ RunTime:0.0000s ]
SQL: SELECT `id`,`id`,`name` FROM `article` WHERE (  `status` = 1 ) AND (  `article_category_id` = 7 ) LIMIT 6   [ RunTime:0.0000s ]
SQL: SELECT `id`,`id`,`name` FROM `article` WHERE (  `status` = 1 ) AND (  `article_category_id` = 8 ) LIMIT 6   [ RunTime:0.0000s ]
SQL: SHOW COLUMNS FROM `goods` [ RunTime:0.0469s ]
SQL: SELECT * FROM `goods` WHERE `status` = 1 AND `is_on_sale` = 1 AND (   goods_status &4 )  [ RunTime:0.0000s ]
SQL: SELECT * FROM `goods` WHERE `status` = 1 AND `is_on_sale` = 1 AND (   goods_status &2 )  [ RunTime:0.0000s ]
SQL: SELECT * FROM `goods` WHERE `status` = 1 AND `is_on_sale` = 1 AND (   goods_status &1 )  [ RunTime:0.0000s ]
INFO: [ view_parse ] --START--
INFO: [ template_filter ] --START--
INFO: Run Behavior\ContentReplaceBehavior [ RunTime:0.000000s ]
INFO: [ template_filter ] --END-- [ RunTime:0.000000s ]
INFO: Run Behavior\ParseTemplateBehavior [ RunTime:0.125000s ]
INFO: [ view_parse ] --END-- [ RunTime:0.125000s ]
INFO: [ view_filter ] --START--
INFO: Run Behavior\WriteHtmlCacheBehavior [ RunTime:0.000000s ]
INFO: [ view_filter ] --END-- [ RunTime:0.000000s ]
INFO: [ app_end ] --START--
INFO: Run Behavior\ShowPageTraceBehavior [ RunTime:0.000000s ]
INFO: [ app_end ] --END-- [ RunTime:0.000000s ]

[ 2016-05-26T09:21:51+08:00 ] 127.0.0.1 /index.php/Member/getUserInfo.html
INFO: [ app_init ] --START--
INFO: Run Behavior\BuildLiteBehavior [ RunTime:0.000000s ]
INFO: [ app_init ] --END-- [ RunTime:0.000000s ]
INFO: [ app_begin ] --START--
INFO: Run Behavior\ReadHtmlCacheBehavior [ RunTime:0.000000s ]
INFO: [ app_begin ] --END-- [ RunTime:0.000000s ]
SQL: SHOW COLUMNS FROM `member` [ RunTime:0.0156s ]
NOTIC: [2] Missing argument 1 for login(), called in D:\jingxishop\www.shop.com\Application\Home\Controller\MemberController.class.php on line 110 and defined D:\jingxishop\www.shop.com\Application\Home\Common\function.php 第 9 行.
NOTIC: [8] Undefined variable: user_info D:\jingxishop\www.shop.com\Application\Home\Common\function.php 第 10 行.

[ 2016-05-26T09:22:50+08:00 ] 127.0.0.1 /index.php/Index/goods/id/23.html
INFO: [ app_init ] --START--
INFO: Run Behavior\BuildLiteBehavior [ RunTime:0.000000s ]
INFO: [ app_init ] --END-- [ RunTime:0.000000s ]
INFO: [ app_begin ] --START--
INFO: Run Behavior\ReadHtmlCacheBehavior [ RunTime:0.000000s ]
INFO: [ app_begin ] --END-- [ RunTime:0.000000s ]
NOTIC: [2] Missing argument 1 for login(), called in D:\jingxishop\www.shop.com\Application\Home\Controller\IndexController.class.php on line 8 and defined D:\jingxishop\www.shop.com\Application\Home\Common\function.php 第 9 行.
NOTIC: [8] Undefined variable: user_info D:\jingxishop\www.shop.com\Application\Home\Common\function.php 第 10 行.
SQL: SHOW COLUMNS FROM `goods` [ RunTime:0.0156s ]
SQL: SELECT g.*,gi.content,b.name as bname FROM goods g INNER JOIN goods_intro as gi on gi.goods_id=g.id  INNER JOIN brand as b on b.id=g.brand_id   WHERE g.id = '23' LIMIT 1   [ RunTime:0.2031s ]
SQL: SHOW COLUMNS FROM `goods_gallery` [ RunTime:0.0781s ]
SQL: SELECT `path` FROM `goods_gallery` WHERE `goods_id` = '23'  [ RunTime:0.0000s ]
SQL: SHOW COLUMNS FROM `member_goods_price` [ RunTime:0.1094s ]
SQL: SELECT `member_level_id`,`price` FROM `member_goods_price` WHERE `goods_id` = 23  [ RunTime:0.0000s ]
SQL: SHOW COLUMNS FROM `member_level` [ RunTime:0.0625s ]
SQL: SELECT `id`,`name`,`discount` FROM `member_level` WHERE `status` = 1  [ RunTime:0.0000s ]
NOTIC: [2] Illegal offset type in isset or empty D:\jingxishop\www.shop.com\Application\Home\Model\GoodsModel.class.php 第 46 行.
NOTIC: [2] Illegal offset type in isset or empty D:\jingxishop\www.shop.com\Application\Home\Model\GoodsModel.class.php 第 46 行.
NOTIC: [2] Illegal offset type in isset or empty D:\jingxishop\www.shop.com\Application\Home\Model\GoodsModel.class.php 第 46 行.
INFO: [ view_parse ] --START--
INFO: [ template_filter ] --START--
INFO: Run Behavior\ContentReplaceBehavior [ RunTime:0.000000s ]
INFO: [ template_filter ] --END-- [ RunTime:0.000000s ]
INFO: Run Behavior\ParseTemplateBehavior [ RunTime:0.093750s ]
INFO: [ view_parse ] --END-- [ RunTime:0.093750s ]
INFO: [ view_filter ] --START--
INFO: Run Behavior\WriteHtmlCacheBehavior [ RunTime:0.000000s ]
INFO: [ view_filter ] --END-- [ RunTime:0.000000s ]
INFO: [ app_end ] --START--
INFO: Run Behavior\ShowPageTraceBehavior [ RunTime:0.000000s ]
INFO: [ app_end ] --END-- [ RunTime:0.000000s ]

[ 2016-05-26T09:22:51+08:00 ] 127.0.0.1 /index.php/Member/getUserInfo.html
INFO: [ app_init ] --START--
INFO: Run Behavior\BuildLiteBehavior [ RunTime:0.000000s ]
INFO: [ app_init ] --END-- [ RunTime:0.000000s ]
INFO: [ app_begin ] --START--
INFO: Run Behavior\ReadHtmlCacheBehavior [ RunTime:0.000000s ]
INFO: [ app_begin ] --END-- [ RunTime:0.000000s ]
SQL: SHOW COLUMNS FROM `member` [ RunTime:0.0156s ]
NOTIC: [2] Missing argument 1 for login(), called in D:\jingxishop\www.shop.com\Application\Home\Controller\MemberController.class.php on line 110 and defined D:\jingxishop\www.shop.com\Application\Home\Common\function.php 第 9 行.
NOTIC: [8] Undefined variable: user_info D:\jingxishop\www.shop.com\Application\Home\Common\function.php 第 10 行.

[ 2016-05-26T09:22:51+08:00 ] 127.0.0.1 /index.php/Goods/incTimes.html?goods_id=23
INFO: [ app_init ] --START--
INFO: Run Behavior\BuildLiteBehavior [ RunTime:0.000000s ]
INFO: [ app_init ] --END-- [ RunTime:0.000000s ]
INFO: [ app_begin ] --START--
INFO: Run Behavior\ReadHtmlCacheBehavior [ RunTime:0.000000s ]
INFO: [ app_begin ] --END-- [ RunTime:0.000000s ]

[ 2016-05-26T09:22:51+08:00 ] 127.0.0.1 /Public/images/zoomloader.gif
INFO: [ app_init ] --START--
INFO: Run Behavior\BuildLiteBehavior [ RunTime:0.000000s ]
INFO: [ app_init ] --END-- [ RunTime:0.000000s ]

[ 2016-05-26T18:00:26+08:00 ] 127.0.0.1 /
INFO: [ app_init ] --START--
INFO: Run Behavior\BuildLiteBehavior [ RunTime:0.000000s ]
INFO: [ app_init ] --END-- [ RunTime:0.015625s ]
INFO: [ app_begin ] --START--
INFO: Run Behavior\ReadHtmlCacheBehavior [ RunTime:0.000000s ]
INFO: [ app_begin ] --END-- [ RunTime:0.000000s ]
NOTIC: [2] Missing argument 1 for login(), called in D:\jingxishop\www.shop.com\Application\Home\Controller\IndexController.class.php on line 8 and defined D:\jingxishop\www.shop.com\Application\Home\Common\function.php 第 9 行.
NOTIC: [8] Undefined variable: user_info D:\jingxishop\www.shop.com\Application\Home\Common\function.php 第 10 行.
SQL: SHOW COLUMNS FROM `goods_category` [ RunTime:0.0156s ]
SQL: SELECT `id`,`name`,`parent_id` FROM `goods_category` WHERE `status` = 1  [ RunTime:0.0000s ]
SQL: SHOW COLUMNS FROM `article_category` [ RunTime:0.0156s ]
SQL: SELECT `id`,`name` FROM `article_category` WHERE `status` = 1  [ RunTime:0.0000s ]
SQL: SHOW COLUMNS FROM `article` [ RunTime:0.0156s ]
SQL: SELECT `id`,`id`,`name` FROM `article` WHERE (  `status` = 1 ) AND (  `article_category_id` = 1 ) LIMIT 6   [ RunTime:0.0000s ]
SQL: SELECT `id`,`id`,`name` FROM `article` WHERE (  `status` = 1 ) AND (  `article_category_id` = 3 ) LIMIT 6   [ RunTime:0.0000s ]
SQL: SELECT `id`,`id`,`name` FROM `article` WHERE (  `status` = 1 ) AND (  `article_category_id` = 4 ) LIMIT 6   [ RunTime:0.0000s ]
SQL: SELECT `id`,`id`,`name` FROM `article` WHERE (  `status` = 1 ) AND (  `article_category_id` = 5 ) LIMIT 6   [ RunTime:0.0000s ]
SQL: SELECT `id`,`id`,`name` FROM `article` WHERE (  `status` = 1 ) AND (  `article_category_id` = 6 ) LIMIT 6   [ RunTime:0.0000s ]
SQL: SELECT `id`,`id`,`name` FROM `article` WHERE (  `status` = 1 ) AND (  `article_category_id` = 7 ) LIMIT 6   [ RunTime:0.0000s ]
SQL: SELECT `id`,`id`,`name` FROM `article` WHERE (  `status` = 1 ) AND (  `article_category_id` = 8 ) LIMIT 6   [ RunTime:0.0000s ]
SQL: SHOW COLUMNS FROM `goods` [ RunTime:0.0156s ]
SQL: SELECT * FROM `goods` WHERE `status` = 1 AND `is_on_sale` = 1 AND (   goods_status &4 )  [ RunTime:0.0000s ]
SQL: SELECT * FROM `goods` WHERE `status` = 1 AND `is_on_sale` = 1 AND (   goods_status &2 )  [ RunTime:0.0000s ]
SQL: SELECT * FROM `goods` WHERE `status` = 1 AND `is_on_sale` = 1 AND (   goods_status &1 )  [ RunTime:0.0000s ]
INFO: [ view_parse ] --START--
INFO: [ template_filter ] --START--
INFO: Run Behavior\ContentReplaceBehavior [ RunTime:0.000000s ]
INFO: [ template_filter ] --END-- [ RunTime:0.000000s ]
INFO: Run Behavior\ParseTemplateBehavior [ RunTime:0.062500s ]
INFO: [ view_parse ] --END-- [ RunTime:0.062500s ]
INFO: [ view_filter ] --START--
INFO: Run Behavior\WriteHtmlCacheBehavior [ RunTime:0.000000s ]
INFO: [ view_filter ] --END-- [ RunTime:0.000000s ]
INFO: [ app_end ] --START--
INFO: Run Behavior\ShowPageTraceBehavior [ RunTime:0.000000s ]
INFO: [ app_end ] --END-- [ RunTime:0.000000s ]

[ 2016-05-26T18:00:27+08:00 ] 127.0.0.1 /favicon.ico
INFO: [ app_init ] --START--
INFO: Run Behavior\BuildLiteBehavior [ RunTime:0.000000s ]
INFO: [ app_init ] --END-- [ RunTime:0.000000s ]

[ 2016-05-26T18:00:27+08:00 ] 127.0.0.1 /index.php/Member/getUserInfo.html
INFO: [ app_init ] --START--
INFO: Run Behavior\BuildLiteBehavior [ RunTime:0.000000s ]
INFO: [ app_init ] --END-- [ RunTime:0.000000s ]
INFO: [ app_begin ] --START--
INFO: Run Behavior\ReadHtmlCacheBehavior [ RunTime:0.000000s ]
INFO: [ app_begin ] --END-- [ RunTime:0.000000s ]
SQL: SHOW COLUMNS FROM `member` [ RunTime:0.0156s ]
NOTIC: [2] Missing argument 1 for login(), called in D:\jingxishop\www.shop.com\Application\Home\Controller\MemberController.class.php on line 110 and defined D:\jingxishop\www.shop.com\Application\Home\Common\function.php 第 9 行.
NOTIC: [8] Undefined variable: user_info D:\jingxishop\www.shop.com\Application\Home\Common\function.php 第 10 行.

[ 2016-05-26T18:00:51+08:00 ] 127.0.0.1 /index.php/Index/goods/id/6.html
INFO: [ app_init ] --START--
INFO: Run Behavior\BuildLiteBehavior [ RunTime:0.000000s ]
INFO: [ app_init ] --END-- [ RunTime:0.000000s ]
INFO: [ app_begin ] --START--
INFO: Run Behavior\ReadHtmlCacheBehavior [ RunTime:0.000000s ]
INFO: [ app_begin ] --END-- [ RunTime:0.000000s ]
NOTIC: [2] Missing argument 1 for login(), called in D:\jingxishop\www.shop.com\Application\Home\Controller\IndexController.class.php on line 8 and defined D:\jingxishop\www.shop.com\Application\Home\Common\function.php 第 9 行.
NOTIC: [8] Undefined variable: user_info D:\jingxishop\www.shop.com\Application\Home\Common\function.php 第 10 行.
SQL: SHOW COLUMNS FROM `goods` [ RunTime:0.0000s ]
SQL: SELECT g.*,gi.content,b.name as bname FROM goods g INNER JOIN goods_intro as gi on gi.goods_id=g.id  INNER JOIN brand as b on b.id=g.brand_id   WHERE g.id = '6' LIMIT 1   [ RunTime:0.0156s ]
SQL: SHOW COLUMNS FROM `goods_gallery` [ RunTime:0.0000s ]
SQL: SELECT `path` FROM `goods_gallery` WHERE `goods_id` = '6'  [ RunTime:0.0000s ]
SQL: SHOW COLUMNS FROM `member_goods_price` [ RunTime:0.0156s ]
SQL: SELECT `member_level_id`,`price` FROM `member_goods_price` WHERE `goods_id` = 6  [ RunTime:0.0000s ]
SQL: SHOW COLUMNS FROM `member_level` [ RunTime:0.0156s ]
SQL: SELECT `id`,`name`,`discount` FROM `member_level` WHERE `status` = 1  [ RunTime:0.0000s ]
NOTIC: [2] Illegal offset type in isset or empty D:\jingxishop\www.shop.com\Application\Home\Model\GoodsModel.class.php 第 46 行.
NOTIC: [2] Illegal offset type in isset or empty D:\jingxishop\www.shop.com\Application\Home\Model\GoodsModel.class.php 第 46 行.
NOTIC: [2] Illegal offset type in isset or empty D:\jingxishop\www.shop.com\Application\Home\Model\GoodsModel.class.php 第 46 行.
INFO: [ view_parse ] --START--
INFO: [ template_filter ] --START--
INFO: Run Behavior\ContentReplaceBehavior [ RunTime:0.000000s ]
INFO: [ template_filter ] --END-- [ RunTime:0.000000s ]
INFO: Run Behavior\ParseTemplateBehavior [ RunTime:0.109375s ]
INFO: [ view_parse ] --END-- [ RunTime:0.109375s ]
INFO: [ view_filter ] --START--
INFO: Run Behavior\WriteHtmlCacheBehavior [ RunTime:0.000000s ]
INFO: [ view_filter ] --END-- [ RunTime:0.000000s ]
INFO: [ app_end ] --START--
INFO: Run Behavior\ShowPageTraceBehavior [ RunTime:0.000000s ]
INFO: [ app_end ] --END-- [ RunTime:0.000000s ]

[ 2016-05-26T18:00:51+08:00 ] 127.0.0.1 /index.php/Member/getUserInfo.html
INFO: [ app_init ] --START--
INFO: Run Behavior\BuildLiteBehavior [ RunTime:0.000000s ]
INFO: [ app_init ] --END-- [ RunTime:0.000000s ]
INFO: [ app_begin ] --START--
INFO: Run Behavior\ReadHtmlCacheBehavior [ RunTime:0.015625s ]
INFO: [ app_begin ] --END-- [ RunTime:0.015625s ]
SQL: SHOW COLUMNS FROM `member` [ RunTime:0.0156s ]
NOTIC: [2] Missing argument 1 for login(), called in D:\jingxishop\www.shop.com\Application\Home\Controller\MemberController.class.php on line 110 and defined D:\jingxishop\www.shop.com\Application\Home\Common\function.php 第 9 行.
NOTIC: [8] Undefined variable: user_info D:\jingxishop\www.shop.com\Application\Home\Common\function.php 第 10 行.

[ 2016-05-26T18:00:51+08:00 ] 127.0.0.1 /Public/images/zoomloader.gif
INFO: [ app_init ] --START--
INFO: Run Behavior\BuildLiteBehavior [ RunTime:0.000000s ]
INFO: [ app_init ] --END-- [ RunTime:0.000000s ]

[ 2016-05-26T18:00:51+08:00 ] 127.0.0.1 /index.php/Goods/incTimes.html?goods_id=6
INFO: [ app_init ] --START--
INFO: Run Behavior\BuildLiteBehavior [ RunTime:0.000000s ]
INFO: [ app_init ] --END-- [ RunTime:0.000000s ]
INFO: [ app_begin ] --START--
INFO: Run Behavior\ReadHtmlCacheBehavior [ RunTime:0.000000s ]
INFO: [ app_begin ] --END-- [ RunTime:0.000000s ]

[ 2016-05-26T18:01:29+08:00 ] 127.0.0.1 /index.php/Member/getUserInfo.html
INFO: [ app_init ] --START--
INFO: Run Behavior\BuildLiteBehavior [ RunTime:0.000000s ]
INFO: [ app_init ] --END-- [ RunTime:0.000000s ]
INFO: [ app_begin ] --START--
INFO: Run Behavior\ReadHtmlCacheBehavior [ RunTime:0.015625s ]
INFO: [ app_begin ] --END-- [ RunTime:0.015625s ]
SQL: SHOW COLUMNS FROM `member` [ RunTime:0.0000s ]
NOTIC: [2] Missing argument 1 for login(), called in D:\jingxishop\www.shop.com\Application\Home\Controller\MemberController.class.php on line 110 and defined D:\jingxishop\www.shop.com\Application\Home\Common\function.php 第 9 行.
NOTIC: [8] Undefined variable: user_info D:\jingxishop\www.shop.com\Application\Home\Common\function.php 第 10 行.

[ 2016-05-26T18:04:17+08:00 ] 127.0.0.1 /
INFO: [ app_init ] --START--
INFO: Run Behavior\BuildLiteBehavior [ RunTime:0.000000s ]
INFO: [ app_init ] --END-- [ RunTime:0.000000s ]
INFO: [ app_begin ] --START--
INFO: Run Behavior\ReadHtmlCacheBehavior [ RunTime:0.000000s ]
INFO: [ app_begin ] --END-- [ RunTime:0.000000s ]
NOTIC: [2] Missing argument 1 for login(), called in D:\jingxishop\www.shop.com\Application\Home\Controller\IndexController.class.php on line 8 and defined D:\jingxishop\www.shop.com\Application\Home\Common\function.php 第 9 行.
NOTIC: [8] Undefined variable: user_info D:\jingxishop\www.shop.com\Application\Home\Common\function.php 第 10 行.
SQL: SHOW COLUMNS FROM `goods` [ RunTime:0.0000s ]
SQL: SELECT * FROM `goods` WHERE `status` = 1 AND `is_on_sale` = 1 AND (   goods_status &4 )  [ RunTime:0.0000s ]
SQL: SELECT * FROM `goods` WHERE `status` = 1 AND `is_on_sale` = 1 AND (   goods_status &2 )  [ RunTime:0.0000s ]
SQL: SELECT * FROM `goods` WHERE `status` = 1 AND `is_on_sale` = 1 AND (   goods_status &1 )  [ RunTime:0.0000s ]
INFO: [ view_parse ] --START--
INFO: [ template_filter ] --START--
INFO: Run Behavior\ContentReplaceBehavior [ RunTime:0.000000s ]
INFO: [ template_filter ] --END-- [ RunTime:0.000000s ]
INFO: Run Behavior\ParseTemplateBehavior [ RunTime:0.062500s ]
INFO: [ view_parse ] --END-- [ RunTime:0.062500s ]
INFO: [ view_filter ] --START--
INFO: Run Behavior\WriteHtmlCacheBehavior [ RunTime:0.000000s ]
INFO: [ view_filter ] --END-- [ RunTime:0.000000s ]
INFO: [ app_end ] --START--
INFO: Run Behavior\ShowPageTraceBehavior [ RunTime:0.000000s ]
INFO: [ app_end ] --END-- [ RunTime:0.000000s ]

[ 2016-05-26T18:04:18+08:00 ] 127.0.0.1 /index.php/Member/getUserInfo.html
INFO: [ app_init ] --START--
INFO: Run Behavior\BuildLiteBehavior [ RunTime:0.000000s ]
INFO: [ app_init ] --END-- [ RunTime:0.000000s ]
INFO: [ app_begin ] --START--
INFO: Run Behavior\ReadHtmlCacheBehavior [ RunTime:0.000000s ]
INFO: [ app_begin ] --END-- [ RunTime:0.000000s ]
SQL: SHOW COLUMNS FROM `member` [ RunTime:0.0156s ]
NOTIC: [2] Missing argument 1 for login(), called in D:\jingxishop\www.shop.com\Application\Home\Controller\MemberController.class.php on line 110 and defined D:\jingxishop\www.shop.com\Application\Home\Common\function.php 第 9 行.
NOTIC: [8] Undefined variable: user_info D:\jingxishop\www.shop.com\Application\Home\Common\function.php 第 10 行.

[ 2016-05-26T18:04:19+08:00 ] 127.0.0.1 /index.php/Cart/flow1.html
INFO: [ app_init ] --START--
INFO: Run Behavior\BuildLiteBehavior [ RunTime:0.000000s ]
INFO: [ app_init ] --END-- [ RunTime:0.000000s ]
INFO: [ app_begin ] --START--
INFO: Run Behavior\ReadHtmlCacheBehavior [ RunTime:0.000000s ]
INFO: [ app_begin ] --END-- [ RunTime:0.000000s ]
SQL: SHOW COLUMNS FROM `shopping_car` [ RunTime:0.0313s ]
NOTIC: [2] Missing argument 1 for login(), called in D:\jingxishop\www.shop.com\Application\Home\Model\CartModel.class.php on line 73 and defined D:\jingxishop\www.shop.com\Application\Home\Common\function.php 第 9 行.
NOTIC: [8] Undefined variable: user_info D:\jingxishop\www.shop.com\Application\Home\Common\function.php 第 10 行.
SQL: SHOW COLUMNS FROM `goods` [ RunTime:0.0156s ]
SQL: SELECT * FROM `goods` WHERE `id` IN (3,5)  [ RunTime:0.0000s ]
INFO: [ view_parse ] --START--
INFO: [ template_filter ] --START--
INFO: Run Behavior\ContentReplaceBehavior [ RunTime:0.000000s ]
INFO: [ template_filter ] --END-- [ RunTime:0.000000s ]
NOTIC: [8] Undefined variable: user_info D:\jingxishop\www.shop.com\Application\Runtime\Cache\Home\31ab2587832323f1db8cfcf4c29d389d.php 第 133 行.
INFO: Run Behavior\ParseTemplateBehavior [ RunTime:0.062500s ]
INFO: [ view_parse ] --END-- [ RunTime:0.062500s ]
INFO: [ view_filter ] --START--
INFO: Run Behavior\WriteHtmlCacheBehavior [ RunTime:0.000000s ]
INFO: [ view_filter ] --END-- [ RunTime:0.000000s ]
INFO: [ app_end ] --START--
INFO: Run Behavior\ShowPageTraceBehavior [ RunTime:0.000000s ]
INFO: [ app_end ] --END-- [ RunTime:0.000000s ]

[ 2016-05-26T18:04:19+08:00 ] 127.0.0.1 /index.php/Member/getUserInfo.html
INFO: [ app_init ] --START--
INFO: Run Behavior\BuildLiteBehavior [ RunTime:0.000000s ]
INFO: [ app_init ] --END-- [ RunTime:0.015625s ]
INFO: [ app_begin ] --START--
INFO: Run Behavior\ReadHtmlCacheBehavior [ RunTime:0.000000s ]
INFO: [ app_begin ] --END-- [ RunTime:0.000000s ]
SQL: SHOW COLUMNS FROM `member` [ RunTime:0.0156s ]
NOTIC: [2] Missing argument 1 for login(), called in D:\jingxishop\www.shop.com\Application\Home\Controller\MemberController.class.php on line 110 and defined D:\jingxishop\www.shop.com\Application\Home\Common\function.php 第 9 行.
NOTIC: [8] Undefined variable: user_info D:\jingxishop\www.shop.com\Application\Home\Common\function.php 第 10 行.

[ 2016-05-26T18:26:25+08:00 ] 127.0.0.1 /index.php/Cart/flow2.html
INFO: [ app_init ] --START--
INFO: Run Behavior\BuildLiteBehavior [ RunTime:0.000000s ]
INFO: [ app_init ] --END-- [ RunTime:0.000000s ]
INFO: [ app_begin ] --START--
INFO: Run Behavior\ReadHtmlCacheBehavior [ RunTime:0.000000s ]
INFO: [ app_begin ] --END-- [ RunTime:0.000000s ]
SQL: SHOW COLUMNS FROM `shopping_car` [ RunTime:0.0000s ]
NOTIC: [2] Missing argument 1 for login(), called in D:\jingxishop\www.shop.com\Application\Home\Controller\CartController.class.php on line 49 and defined D:\jingxishop\www.shop.com\Application\Home\Common\function.php 第 9 行.
NOTIC: [8] Undefined variable: user_info D:\jingxishop\www.shop.com\Application\Home\Common\function.php 第 10 行.
INFO: [ view_parse ] --START--
INFO: [ template_filter ] --START--
INFO: Run Behavior\ContentReplaceBehavior [ RunTime:0.000000s ]
INFO: [ template_filter ] --END-- [ RunTime:0.000000s ]
INFO: Run Behavior\ParseTemplateBehavior [ RunTime:0.078125s ]
INFO: [ view_parse ] --END-- [ RunTime:0.078125s ]
INFO: [ view_filter ] --START--
INFO: Run Behavior\WriteHtmlCacheBehavior [ RunTime:0.000000s ]
INFO: [ view_filter ] --END-- [ RunTime:0.000000s ]
INFO: [ app_end ] --START--
INFO: Run Behavior\ShowPageTraceBehavior [ RunTime:0.000000s ]
INFO: [ app_end ] --END-- [ RunTime:0.000000s ]

[ 2016-05-26T18:26:26+08:00 ] 127.0.0.1 /index.php/Member/login.html
INFO: [ app_init ] --START--
INFO: Run Behavior\BuildLiteBehavior [ RunTime:0.000000s ]
INFO: [ app_init ] --END-- [ RunTime:0.000000s ]
INFO: [ app_begin ] --START--
INFO: Run Behavior\ReadHtmlCacheBehavior [ RunTime:0.000000s ]
INFO: [ app_begin ] --END-- [ RunTime:0.000000s ]
SQL: SHOW COLUMNS FROM `member` [ RunTime:0.0000s ]
INFO: [ view_parse ] --START--
INFO: [ template_filter ] --START--
INFO: Run Behavior\ContentReplaceBehavior [ RunTime:0.000000s ]
INFO: [ template_filter ] --END-- [ RunTime:0.000000s ]
INFO: Run Behavior\ParseTemplateBehavior [ RunTime:0.046875s ]
INFO: [ view_parse ] --END-- [ RunTime:0.046875s ]
INFO: [ view_filter ] --START--
INFO: Run Behavior\WriteHtmlCacheBehavior [ RunTime:0.000000s ]
INFO: [ view_filter ] --END-- [ RunTime:0.000000s ]
INFO: [ app_end ] --START--
INFO: Run Behavior\ShowPageTraceBehavior [ RunTime:0.000000s ]
INFO: [ app_end ] --END-- [ RunTime:0.000000s ]

[ 2016-05-26T18:26:26+08:00 ] 127.0.0.1 /index.php/Captcha/captcha/nocache/1464258386.html
INFO: [ app_init ] --START--
INFO: Run Behavior\BuildLiteBehavior [ RunTime:0.000000s ]
INFO: [ app_init ] --END-- [ RunTime:0.000000s ]
INFO: [ app_begin ] --START--
INFO: Run Behavior\ReadHtmlCacheBehavior [ RunTime:0.000000s ]
INFO: [ app_begin ] --END-- [ RunTime:0.000000s ]

[ 2016-05-26T18:26:26+08:00 ] 127.0.0.1 /index.php/Member/getUserInfo.html
INFO: [ app_init ] --START--
INFO: Run Behavior\BuildLiteBehavior [ RunTime:0.000000s ]
INFO: [ app_init ] --END-- [ RunTime:0.000000s ]
INFO: [ app_begin ] --START--
INFO: Run Behavior\ReadHtmlCacheBehavior [ RunTime:0.000000s ]
INFO: [ app_begin ] --END-- [ RunTime:0.000000s ]
SQL: SHOW COLUMNS FROM `member` [ RunTime:0.0000s ]
NOTIC: [2] Missing argument 1 for login(), called in D:\jingxishop\www.shop.com\Application\Home\Controller\MemberController.class.php on line 110 and defined D:\jingxishop\www.shop.com\Application\Home\Common\function.php 第 9 行.
NOTIC: [8] Undefined variable: user_info D:\jingxishop\www.shop.com\Application\Home\Common\function.php 第 10 行.

[ 2016-05-26T18:26:32+08:00 ] 127.0.0.1 /index.php/Member/login.html
INFO: [ app_init ] --START--
INFO: Run Behavior\BuildLiteBehavior [ RunTime:0.000000s ]
INFO: [ app_init ] --END-- [ RunTime:0.000000s ]
INFO: [ app_begin ] --START--
INFO: Run Behavior\ReadHtmlCacheBehavior [ RunTime:0.015625s ]
INFO: [ app_begin ] --END-- [ RunTime:0.015625s ]
SQL: SHOW COLUMNS FROM `member` [ RunTime:0.0156s ]
NOTIC: [8] Undefined index: validate D:\jingxishop\ThinkPHP\Library\Think\Model.class.php 第 1185 行.
NOTIC: [8] Undefined index: auto D:\jingxishop\ThinkPHP\Library\Think\Model.class.php 第 1128 行.
SQL: SELECT * FROM `member` WHERE `username` = 'hhh' LIMIT 1   [ RunTime:0.0000s ]
SQL: SHOW COLUMNS FROM `shopping_car` [ RunTime:0.0000s ]
NOTIC: [2] Missing argument 1 for login(), called in D:\jingxishop\www.shop.com\Application\Home\Model\CartModel.class.php on line 112 and defined D:\jingxishop\www.shop.com\Application\Home\Common\function.php 第 9 行.
NOTIC: [8] Undefined variable: user_info D:\jingxishop\www.shop.com\Application\Home\Common\function.php 第 10 行.
SQL: DELETE FROM `shopping_car` WHERE `goods_id` IN (3,5) AND `member_id` = 1 [ RunTime:0.0000s ]
SQL: INSERT INTO `shopping_car` (`member_id`,`amount`,`goods_id`) VALUES ('1','3','3'),('1','3','5') [ RunTime:0.0000s ]
SQL: UPDATE `member` SET `last_login_time`='1464258392',`last_login_ip`='127.0.0.1' WHERE `id` = 1 [ RunTime:0.0000s ]
INFO: [ view_parse ] --START--
INFO: [ template_filter ] --START--
INFO: Run Behavior\ContentReplaceBehavior [ RunTime:0.000000s ]
INFO: [ template_filter ] --END-- [ RunTime:0.000000s ]
INFO: Run Behavior\ParseTemplateBehavior [ RunTime:0.015625s ]
INFO: [ view_parse ] --END-- [ RunTime:0.015625s ]
INFO: [ view_filter ] --START--
INFO: Run Behavior\WriteHtmlCacheBehavior [ RunTime:0.000000s ]
INFO: [ view_filter ] --END-- [ RunTime:0.000000s ]
INFO: [ app_end ] --START--
INFO: Run Behavior\ShowPageTraceBehavior [ RunTime:0.000000s ]
INFO: [ app_end ] --END-- [ RunTime:0.000000s ]

[ 2016-05-26T18:26:34+08:00 ] 127.0.0.1 /index.php/Cart/flow2.html
INFO: [ app_init ] --START--
INFO: Run Behavior\BuildLiteBehavior [ RunTime:0.000000s ]
INFO: [ app_init ] --END-- [ RunTime:0.000000s ]
INFO: [ app_begin ] --START--
INFO: Run Behavior\ReadHtmlCacheBehavior [ RunTime:0.000000s ]
INFO: [ app_begin ] --END-- [ RunTime:0.000000s ]
SQL: SHOW COLUMNS FROM `shopping_car` [ RunTime:0.0156s ]
NOTIC: [2] Missing argument 1 for login(), called in D:\jingxishop\www.shop.com\Application\Home\Controller\CartController.class.php on line 49 and defined D:\jingxishop\www.shop.com\Application\Home\Common\function.php 第 9 行.
NOTIC: [8] Undefined variable: user_info D:\jingxishop\www.shop.com\Application\Home\Common\function.php 第 10 行.
NOTIC: [2] Missing argument 1 for login(), called in D:\jingxishop\www.shop.com\Application\Home\Model\CartModel.class.php on line 73 and defined D:\jingxishop\www.shop.com\Application\Home\Common\function.php 第 9 行.
NOTIC: [8] Undefined variable: user_info D:\jingxishop\www.shop.com\Application\Home\Common\function.php 第 10 行.
SQL: SELECT `goods_id`,`amount` FROM `shopping_car` WHERE `member_id` = 1  [ RunTime:0.0000s ]
SQL: SHOW COLUMNS FROM `goods` [ RunTime:0.0156s ]
SQL: SELECT * FROM `goods` WHERE `id` IN (5,3)  [ RunTime:0.0000s ]
SQL: SHOW COLUMNS FROM `address` [ RunTime:0.0313s ]
NOTIC: [2] Missing argument 1 for login(), called in D:\jingxishop\www.shop.com\Application\Home\Model\AddressModel.class.php on line 68 and defined D:\jingxishop\www.shop.com\Application\Home\Common\function.php 第 9 行.
NOTIC: [8] Undefined variable: user_info D:\jingxishop\www.shop.com\Application\Home\Common\function.php 第 10 行.
SQL: SELECT * FROM `address` WHERE `member_id` = 1  [ RunTime:0.0000s ]
SQL: SHOW COLUMNS FROM `delivery` [ RunTime:0.0156s ]
SQL: SELECT * FROM `delivery` WHERE `status` = 1  [ RunTime:0.0000s ]
SQL: SHOW COLUMNS FROM `payment` [ RunTime:0.0313s ]
SQL: SELECT * FROM `payment` WHERE `status` = 1  [ RunTime:0.0000s ]
INFO: [ view_parse ] --START--
INFO: [ template_filter ] --START--
INFO: Run Behavior\ContentReplaceBehavior [ RunTime:0.000000s ]
INFO: [ template_filter ] --END-- [ RunTime:0.000000s ]
NOTIC: [8] Undefined variable: user_info D:\jingxishop\www.shop.com\Application\Runtime\Cache\Home\0da542748088e6413030f0bb8f5c7f85.php 第 258 行.
INFO: Run Behavior\ParseTemplateBehavior [ RunTime:0.046875s ]
INFO: [ view_parse ] --END-- [ RunTime:0.046875s ]
INFO: [ view_filter ] --START--
INFO: Run Behavior\WriteHtmlCacheBehavior [ RunTime:0.000000s ]
INFO: [ view_filter ] --END-- [ RunTime:0.000000s ]
INFO: [ app_end ] --START--
INFO: Run Behavior\ShowPageTraceBehavior [ RunTime:0.000000s ]
INFO: [ app_end ] --END-- [ RunTime:0.000000s ]

[ 2016-05-26T18:26:34+08:00 ] 127.0.0.1 /index.php/Member/getUserInfo.html
INFO: [ app_init ] --START--
INFO: Run Behavior\BuildLiteBehavior [ RunTime:0.000000s ]
INFO: [ app_init ] --END-- [ RunTime:0.000000s ]
INFO: [ app_begin ] --START--
INFO: Run Behavior\ReadHtmlCacheBehavior [ RunTime:0.000000s ]
INFO: [ app_begin ] --END-- [ RunTime:0.000000s ]
SQL: SHOW COLUMNS FROM `member` [ RunTime:0.0156s ]
NOTIC: [2] Missing argument 1 for login(), called in D:\jingxishop\www.shop.com\Application\Home\Controller\MemberController.class.php on line 110 and defined D:\jingxishop\www.shop.com\Application\Home\Common\function.php 第 9 行.
NOTIC: [8] Undefined variable: user_info D:\jingxishop\www.shop.com\Application\Home\Common\function.php 第 10 行.

[ 2016-05-26T18:26:47+08:00 ] 127.0.0.1 /index.php/Cart/flow2.html
INFO: [ app_init ] --START--
INFO: Run Behavior\BuildLiteBehavior [ RunTime:0.000000s ]
INFO: [ app_init ] --END-- [ RunTime:0.000000s ]
INFO: [ app_begin ] --START--
INFO: Run Behavior\ReadHtmlCacheBehavior [ RunTime:0.000000s ]
INFO: [ app_begin ] --END-- [ RunTime:0.000000s ]
SQL: SHOW COLUMNS FROM `shopping_car` [ RunTime:0.0156s ]
NOTIC: [2] Missing argument 1 for login(), called in D:\jingxishop\www.shop.com\Application\Home\Controller\CartController.class.php on line 49 and defined D:\jingxishop\www.shop.com\Application\Home\Common\function.php 第 9 行.
NOTIC: [8] Undefined variable: user_info D:\jingxishop\www.shop.com\Application\Home\Common\function.php 第 10 行.
NOTIC: [2] Missing argument 1 for login(), called in D:\jingxishop\www.shop.com\Application\Home\Model\CartModel.class.php on line 73 and defined D:\jingxishop\www.shop.com\Application\Home\Common\function.php 第 9 行.
NOTIC: [8] Undefined variable: user_info D:\jingxishop\www.shop.com\Application\Home\Common\function.php 第 10 行.
SQL: SELECT `goods_id`,`amount` FROM `shopping_car` WHERE `member_id` = 1  [ RunTime:0.0000s ]
SQL: SHOW COLUMNS FROM `goods` [ RunTime:0.0156s ]
SQL: SELECT * FROM `goods` WHERE `id` IN (5,3)  [ RunTime:0.0000s ]
SQL: SHOW COLUMNS FROM `address` [ RunTime:0.0156s ]
NOTIC: [2] Missing argument 1 for login(), called in D:\jingxishop\www.shop.com\Application\Home\Model\AddressModel.class.php on line 68 and defined D:\jingxishop\www.shop.com\Application\Home\Common\function.php 第 9 行.
NOTIC: [8] Undefined variable: user_info D:\jingxishop\www.shop.com\Application\Home\Common\function.php 第 10 行.
SQL: SELECT * FROM `address` WHERE `member_id` = 1  [ RunTime:0.0000s ]
SQL: SHOW COLUMNS FROM `delivery` [ RunTime:0.0156s ]
SQL: SELECT * FROM `delivery` WHERE `status` = 1  [ RunTime:0.0000s ]
SQL: SHOW COLUMNS FROM `payment` [ RunTime:0.0000s ]
SQL: SELECT * FROM `payment` WHERE `status` = 1  [ RunTime:0.0156s ]
INFO: [ view_parse ] --START--
INFO: [ template_filter ] --START--
INFO: Run Behavior\ContentReplaceBehavior [ RunTime:0.000000s ]
INFO: [ template_filter ] --END-- [ RunTime:0.000000s ]
NOTIC: [8] Undefined variable: user_info D:\jingxishop\www.shop.com\Application\Runtime\Cache\Home\0da542748088e6413030f0bb8f5c7f85.php 第 258 行.
INFO: Run Behavior\ParseTemplateBehavior [ RunTime:0.031250s ]
INFO: [ view_parse ] --END-- [ RunTime:0.031250s ]
INFO: [ view_filter ] --START--
INFO: Run Behavior\WriteHtmlCacheBehavior [ RunTime:0.015625s ]
INFO: [ view_filter ] --END-- [ RunTime:0.015625s ]
INFO: [ app_end ] --START--
INFO: Run Behavior\ShowPageTraceBehavior [ RunTime:0.000000s ]
INFO: [ app_end ] --END-- [ RunTime:0.000000s ]

[ 2016-05-26T18:26:47+08:00 ] 127.0.0.1 /index.php/Member/getUserInfo.html
INFO: [ app_init ] --START--
INFO: Run Behavior\BuildLiteBehavior [ RunTime:0.000000s ]
INFO: [ app_init ] --END-- [ RunTime:0.000000s ]
INFO: [ app_begin ] --START--
INFO: Run Behavior\ReadHtmlCacheBehavior [ RunTime:0.000000s ]
INFO: [ app_begin ] --END-- [ RunTime:0.000000s ]
SQL: SHOW COLUMNS FROM `member` [ RunTime:0.0000s ]
NOTIC: [2] Missing argument 1 for login(), called in D:\jingxishop\www.shop.com\Application\Home\Controller\MemberController.class.php on line 110 and defined D:\jingxishop\www.shop.com\Application\Home\Common\function.php 第 9 行.
NOTIC: [8] Undefined variable: user_info D:\jingxishop\www.shop.com\Application\Home\Common\function.php 第 10 行.

[ 2016-05-26T18:26:49+08:00 ] 127.0.0.1 /index.php/Member/login.html
INFO: [ app_init ] --START--
INFO: Run Behavior\BuildLiteBehavior [ RunTime:0.000000s ]
INFO: [ app_init ] --END-- [ RunTime:0.015625s ]
INFO: [ app_begin ] --START--
INFO: Run Behavior\ReadHtmlCacheBehavior [ RunTime:0.000000s ]
INFO: [ app_begin ] --END-- [ RunTime:0.000000s ]
SQL: SHOW COLUMNS FROM `member` [ RunTime:0.0000s ]
INFO: [ view_parse ] --START--
INFO: [ template_filter ] --START--
INFO: Run Behavior\ContentReplaceBehavior [ RunTime:0.000000s ]
INFO: [ template_filter ] --END-- [ RunTime:0.000000s ]
INFO: Run Behavior\ParseTemplateBehavior [ RunTime:0.031250s ]
INFO: [ view_parse ] --END-- [ RunTime:0.031250s ]
INFO: [ view_filter ] --START--
INFO: Run Behavior\WriteHtmlCacheBehavior [ RunTime:0.000000s ]
INFO: [ view_filter ] --END-- [ RunTime:0.000000s ]
INFO: [ app_end ] --START--
INFO: Run Behavior\ShowPageTraceBehavior [ RunTime:0.000000s ]
INFO: [ app_end ] --END-- [ RunTime:0.000000s ]

[ 2016-05-26T18:26:49+08:00 ] 127.0.0.1 /index.php/Member/getUserInfo.html
INFO: [ app_init ] --START--
INFO: Run Behavior\BuildLiteBehavior [ RunTime:0.000000s ]
INFO: [ app_init ] --END-- [ RunTime:0.000000s ]
INFO: [ app_begin ] --START--
INFO: Run Behavior\ReadHtmlCacheBehavior [ RunTime:0.000000s ]
INFO: [ app_begin ] --END-- [ RunTime:0.000000s ]
SQL: SHOW COLUMNS FROM `member` [ RunTime:0.0000s ]
NOTIC: [2] Missing argument 1 for login(), called in D:\jingxishop\www.shop.com\Application\Home\Controller\MemberController.class.php on line 110 and defined D:\jingxishop\www.shop.com\Application\Home\Common\function.php 第 9 行.
NOTIC: [8] Undefined variable: user_info D:\jingxishop\www.shop.com\Application\Home\Common\function.php 第 10 行.

[ 2016-05-26T18:26:49+08:00 ] 127.0.0.1 /index.php/Captcha/captcha/nocache/1464258408.html
INFO: [ app_init ] --START--
INFO: Run Behavior\BuildLiteBehavior [ RunTime:0.000000s ]
INFO: [ app_init ] --END-- [ RunTime:0.000000s ]
INFO: [ app_begin ] --START--
INFO: Run Behavior\ReadHtmlCacheBehavior [ RunTime:0.000000s ]
INFO: [ app_begin ] --END-- [ RunTime:0.000000s ]

[ 2016-05-26T18:26:50+08:00 ] 127.0.0.1 /index.php/Member/getUserInfo.html
INFO: [ app_init ] --START--
INFO: Run Behavior\BuildLiteBehavior [ RunTime:0.000000s ]
INFO: [ app_init ] --END-- [ RunTime:0.000000s ]
INFO: [ app_begin ] --START--
INFO: Run Behavior\ReadHtmlCacheBehavior [ RunTime:0.000000s ]
INFO: [ app_begin ] --END-- [ RunTime:0.000000s ]
SQL: SHOW COLUMNS FROM `member` [ RunTime:0.0000s ]
NOTIC: [2] Missing argument 1 for login(), called in D:\jingxishop\www.shop.com\Application\Home\Controller\MemberController.class.php on line 110 and defined D:\jingxishop\www.shop.com\Application\Home\Common\function.php 第 9 行.
NOTIC: [8] Undefined variable: user_info D:\jingxishop\www.shop.com\Application\Home\Common\function.php 第 10 行.

[ 2016-05-26T18:26:52+08:00 ] 127.0.0.1 /index.php/Member/getUserInfo.html
INFO: [ app_init ] --START--
INFO: Run Behavior\BuildLiteBehavior [ RunTime:0.000000s ]
INFO: [ app_init ] --END-- [ RunTime:0.000000s ]
INFO: [ app_begin ] --START--
INFO: Run Behavior\ReadHtmlCacheBehavior [ RunTime:0.000000s ]
INFO: [ app_begin ] --END-- [ RunTime:0.000000s ]
SQL: SHOW COLUMNS FROM `member` [ RunTime:0.0156s ]
NOTIC: [2] Missing argument 1 for login(), called in D:\jingxishop\www.shop.com\Application\Home\Controller\MemberController.class.php on line 110 and defined D:\jingxishop\www.shop.com\Application\Home\Common\function.php 第 9 行.
NOTIC: [8] Undefined variable: user_info D:\jingxishop\www.shop.com\Application\Home\Common\function.php 第 10 行.

[ 2016-05-26T18:26:53+08:00 ] 127.0.0.1 /index.php/Member/getUserInfo.html
INFO: [ app_init ] --START--
INFO: Run Behavior\BuildLiteBehavior [ RunTime:0.000000s ]
INFO: [ app_init ] --END-- [ RunTime:0.000000s ]
INFO: [ app_begin ] --START--
INFO: Run Behavior\ReadHtmlCacheBehavior [ RunTime:0.000000s ]
INFO: [ app_begin ] --END-- [ RunTime:0.000000s ]
SQL: SHOW COLUMNS FROM `member` [ RunTime:0.0156s ]
NOTIC: [2] Missing argument 1 for login(), called in D:\jingxishop\www.shop.com\Application\Home\Controller\MemberController.class.php on line 110 and defined D:\jingxishop\www.shop.com\Application\Home\Common\function.php 第 9 行.
NOTIC: [8] Undefined variable: user_info D:\jingxishop\www.shop.com\Application\Home\Common\function.php 第 10 行.

[ 2016-05-26T18:26:55+08:00 ] 127.0.0.1 /index.php/Cart/flow1.html
INFO: [ app_init ] --START--
INFO: Run Behavior\BuildLiteBehavior [ RunTime:0.000000s ]
INFO: [ app_init ] --END-- [ RunTime:0.000000s ]
INFO: [ app_begin ] --START--
INFO: Run Behavior\ReadHtmlCacheBehavior [ RunTime:0.000000s ]
INFO: [ app_begin ] --END-- [ RunTime:0.000000s ]
SQL: SHOW COLUMNS FROM `shopping_car` [ RunTime:0.0156s ]
NOTIC: [2] Missing argument 1 for login(), called in D:\jingxishop\www.shop.com\Application\Home\Model\CartModel.class.php on line 73 and defined D:\jingxishop\www.shop.com\Application\Home\Common\function.php 第 9 行.
NOTIC: [8] Undefined variable: user_info D:\jingxishop\www.shop.com\Application\Home\Common\function.php 第 10 行.
SQL: SELECT `goods_id`,`amount` FROM `shopping_car` WHERE `member_id` = 1  [ RunTime:0.0000s ]
SQL: SHOW COLUMNS FROM `goods` [ RunTime:0.0156s ]
SQL: SELECT * FROM `goods` WHERE `id` IN (5,3)  [ RunTime:0.0000s ]
INFO: [ view_parse ] --START--
INFO: [ template_filter ] --START--
INFO: Run Behavior\ContentReplaceBehavior [ RunTime:0.000000s ]
INFO: [ template_filter ] --END-- [ RunTime:0.000000s ]
NOTIC: [8] Undefined variable: user_info D:\jingxishop\www.shop.com\Application\Runtime\Cache\Home\31ab2587832323f1db8cfcf4c29d389d.php 第 133 行.
INFO: Run Behavior\ParseTemplateBehavior [ RunTime:0.031250s ]
INFO: [ view_parse ] --END-- [ RunTime:0.031250s ]
INFO: [ view_filter ] --START--
INFO: Run Behavior\WriteHtmlCacheBehavior [ RunTime:0.000000s ]
INFO: [ view_filter ] --END-- [ RunTime:0.000000s ]
INFO: [ app_end ] --START--
INFO: Run Behavior\ShowPageTraceBehavior [ RunTime:0.015625s ]
INFO: [ app_end ] --END-- [ RunTime:0.015625s ]

[ 2016-05-26T18:26:55+08:00 ] 127.0.0.1 /index.php/Member/getUserInfo.html
INFO: [ app_init ] --START--
INFO: Run Behavior\BuildLiteBehavior [ RunTime:0.000000s ]
INFO: [ app_init ] --END-- [ RunTime:0.000000s ]
INFO: [ app_begin ] --START--
INFO: Run Behavior\ReadHtmlCacheBehavior [ RunTime:0.000000s ]
INFO: [ app_begin ] --END-- [ RunTime:0.000000s ]
SQL: SHOW COLUMNS FROM `member` [ RunTime:0.0156s ]
NOTIC: [2] Missing argument 1 for login(), called in D:\jingxishop\www.shop.com\Application\Home\Controller\MemberController.class.php on line 110 and defined D:\jingxishop\www.shop.com\Application\Home\Common\function.php 第 9 行.
NOTIC: [8] Undefined variable: user_info D:\jingxishop\www.shop.com\Application\Home\Common\function.php 第 10 行.

[ 2016-05-26T18:48:49+08:00 ] 127.0.0.1 /index.php/Cart/flow2.html
INFO: [ app_init ] --START--
INFO: Run Behavior\BuildLiteBehavior [ RunTime:0.000000s ]
INFO: [ app_init ] --END-- [ RunTime:0.000000s ]
INFO: [ app_begin ] --START--
INFO: Run Behavior\ReadHtmlCacheBehavior [ RunTime:0.000000s ]
INFO: [ app_begin ] --END-- [ RunTime:0.000000s ]
SQL: SHOW COLUMNS FROM `shopping_car` [ RunTime:0.0156s ]
NOTIC: [2] Missing argument 1 for login(), called in D:\jingxishop\www.shop.com\Application\Home\Controller\CartController.class.php on line 49 and defined D:\jingxishop\www.shop.com\Application\Home\Common\function.php 第 9 行.
NOTIC: [8] Undefined variable: user_info D:\jingxishop\www.shop.com\Application\Home\Common\function.php 第 10 行.
NOTIC: [2] Missing argument 1 for login(), called in D:\jingxishop\www.shop.com\Application\Home\Model\CartModel.class.php on line 73 and defined D:\jingxishop\www.shop.com\Application\Home\Common\function.php 第 9 行.
NOTIC: [8] Undefined variable: user_info D:\jingxishop\www.shop.com\Application\Home\Common\function.php 第 10 行.
SQL: SELECT `goods_id`,`amount` FROM `shopping_car` WHERE `member_id` = 1  [ RunTime:0.0000s ]
SQL: SHOW COLUMNS FROM `goods` [ RunTime:0.0156s ]
SQL: SELECT * FROM `goods` WHERE `id` IN (5,3)  [ RunTime:0.0000s ]
SQL: SHOW COLUMNS FROM `member` [ RunTime:0.0000s ]
SQL: SELECT `score` FROM `member` WHERE `id` = 1 LIMIT 1   [ RunTime:0.0000s ]
SQL: SHOW COLUMNS FROM `member_level` [ RunTime:0.0000s ]
SQL: SELECT `id`,`discount` FROM `member_level` WHERE `bottom` <= '12000' AND `top` >= '12000' LIMIT 1   [ RunTime:0.0000s ]

[ 2016-05-26T18:53:32+08:00 ] 127.0.0.1 /index.php/Cart/flow2.html
INFO: [ app_init ] --START--
INFO: Run Behavior\BuildLiteBehavior [ RunTime:0.000000s ]
INFO: [ app_init ] --END-- [ RunTime:0.000000s ]
INFO: [ app_begin ] --START--
INFO: Run Behavior\ReadHtmlCacheBehavior [ RunTime:0.000000s ]
INFO: [ app_begin ] --END-- [ RunTime:0.000000s ]
SQL: SHOW COLUMNS FROM `shopping_car` [ RunTime:0.0000s ]
NOTIC: [2] Missing argument 1 for login(), called in D:\jingxishop\www.shop.com\Application\Home\Controller\CartController.class.php on line 49 and defined D:\jingxishop\www.shop.com\Application\Home\Common\function.php 第 9 行.
NOTIC: [8] Undefined variable: user_info D:\jingxishop\www.shop.com\Application\Home\Common\function.php 第 10 行.
NOTIC: [2] Missing argument 1 for login(), called in D:\jingxishop\www.shop.com\Application\Home\Model\CartModel.class.php on line 73 and defined D:\jingxishop\www.shop.com\Application\Home\Common\function.php 第 9 行.
NOTIC: [8] Undefined variable: user_info D:\jingxishop\www.shop.com\Application\Home\Common\function.php 第 10 行.
SQL: SELECT `goods_id`,`amount` FROM `shopping_car` WHERE `member_id` = 1  [ RunTime:0.0000s ]
SQL: SHOW COLUMNS FROM `goods` [ RunTime:0.0156s ]
SQL: SELECT * FROM `goods` WHERE `id` IN (5,3)  [ RunTime:0.0000s ]
SQL: SHOW COLUMNS FROM `member` [ RunTime:0.0000s ]
SQL: SELECT `score` FROM `member` WHERE `id` = 1 LIMIT 1   [ RunTime:0.0000s ]
SQL: SHOW COLUMNS FROM `member_level` [ RunTime:0.0156s ]
SQL: SELECT `id`,`discount` FROM `member_level` WHERE `bottom` <= '12000' AND `top` >= '12000'  [ RunTime:0.0000s ]

[ 2016-05-26T18:56:31+08:00 ] 127.0.0.1 /index.php/Cart/flow2.html
INFO: [ app_init ] --START--
INFO: Run Behavior\BuildLiteBehavior [ RunTime:0.000000s ]
INFO: [ app_init ] --END-- [ RunTime:0.000000s ]
INFO: [ app_begin ] --START--
INFO: Run Behavior\ReadHtmlCacheBehavior [ RunTime:0.000000s ]
INFO: [ app_begin ] --END-- [ RunTime:0.000000s ]
SQL: SHOW COLUMNS FROM `shopping_car` [ RunTime:0.0000s ]
NOTIC: [2] Missing argument 1 for login(), called in D:\jingxishop\www.shop.com\Application\Home\Controller\CartController.class.php on line 49 and defined D:\jingxishop\www.shop.com\Application\Home\Common\function.php 第 9 行.
NOTIC: [8] Undefined variable: user_info D:\jingxishop\www.shop.com\Application\Home\Common\function.php 第 10 行.
NOTIC: [2] Missing argument 1 for login(), called in D:\jingxishop\www.shop.com\Application\Home\Model\CartModel.class.php on line 73 and defined D:\jingxishop\www.shop.com\Application\Home\Common\function.php 第 9 行.
NOTIC: [8] Undefined variable: user_info D:\jingxishop\www.shop.com\Application\Home\Common\function.php 第 10 行.
SQL: SELECT `goods_id`,`amount` FROM `shopping_car` WHERE `member_id` = 1  [ RunTime:0.0000s ]
SQL: SHOW COLUMNS FROM `goods` [ RunTime:0.0000s ]
SQL: SELECT * FROM `goods` WHERE `id` IN (5,3)  [ RunTime:0.0000s ]
SQL: SHOW COLUMNS FROM `member` [ RunTime:0.0156s ]
SQL: SELECT `score` FROM `member` WHERE `id` = 1 LIMIT 1   [ RunTime:0.0000s ]
SQL: SHOW COLUMNS FROM `member_level` [ RunTime:0.0000s ]
SQL: SELECT `id`,`discount` FROM `member_level` WHERE `bottom` <= '12000' AND `top` >= '12000' LIMIT 1   [ RunTime:0.0000s ]
SQL: SHOW COLUMNS FROM `member_goods_price` [ RunTime:0.0156s ]
SQL: SELECT `price` FROM `member_goods_price` WHERE `goods_id` = 3 AND `member_level_id` = 2 LIMIT 1   [ RunTime:0.0313s ]
NOTIC: [2] number_format() expects parameter 1 to be double, array given D:\jingxishop\www.shop.com\Application\Home\Common\function.php 第 107 行.
SQL: SELECT `price` FROM `member_goods_price` WHERE `goods_id` = 5 AND `member_level_id` = 2 LIMIT 1   [ RunTime:0.0000s ]
NOTIC: [2] number_format() expects parameter 1 to be double, array given D:\jingxishop\www.shop.com\Application\Home\Common\function.php 第 107 行.
SQL: SHOW COLUMNS FROM `address` [ RunTime:0.0000s ]
NOTIC: [2] Missing argument 1 for login(), called in D:\jingxishop\www.shop.com\Application\Home\Model\AddressModel.class.php on line 68 and defined D:\jingxishop\www.shop.com\Application\Home\Common\function.php 第 9 行.
NOTIC: [8] Undefined variable: user_info D:\jingxishop\www.shop.com\Application\Home\Common\function.php 第 10 行.
SQL: SELECT * FROM `address` WHERE `member_id` = 1  [ RunTime:0.0000s ]
SQL: SHOW COLUMNS FROM `delivery` [ RunTime:0.0000s ]
SQL: SELECT * FROM `delivery` WHERE `status` = 1  [ RunTime:0.0000s ]
SQL: SHOW COLUMNS FROM `payment` [ RunTime:0.0156s ]
SQL: SELECT * FROM `payment` WHERE `status` = 1  [ RunTime:0.0000s ]
INFO: [ view_parse ] --START--
INFO: [ template_filter ] --START--
INFO: Run Behavior\ContentReplaceBehavior [ RunTime:0.000000s ]
INFO: [ template_filter ] --END-- [ RunTime:0.000000s ]
NOTIC: [8] Undefined variable: user_info D:\jingxishop\www.shop.com\Application\Runtime\Cache\Home\0da542748088e6413030f0bb8f5c7f85.php 第 258 行.
INFO: Run Behavior\ParseTemplateBehavior [ RunTime:0.046875s ]
INFO: [ view_parse ] --END-- [ RunTime:0.046875s ]
INFO: [ view_filter ] --START--
INFO: Run Behavior\WriteHtmlCacheBehavior [ RunTime:0.000000s ]
INFO: [ view_filter ] --END-- [ RunTime:0.000000s ]
INFO: [ app_end ] --START--
INFO: Run Behavior\ShowPageTraceBehavior [ RunTime:0.000000s ]
INFO: [ app_end ] --END-- [ RunTime:0.000000s ]

[ 2016-05-26T18:56:31+08:00 ] 127.0.0.1 /index.php/Member/getUserInfo.html
INFO: [ app_init ] --START--
INFO: Run Behavior\BuildLiteBehavior [ RunTime:0.000000s ]
INFO: [ app_init ] --END-- [ RunTime:0.000000s ]
INFO: [ app_begin ] --START--
INFO: Run Behavior\ReadHtmlCacheBehavior [ RunTime:0.000000s ]
INFO: [ app_begin ] --END-- [ RunTime:0.000000s ]
SQL: SHOW COLUMNS FROM `member` [ RunTime:0.0000s ]
NOTIC: [2] Missing argument 1 for login(), called in D:\jingxishop\www.shop.com\Application\Home\Controller\MemberController.class.php on line 110 and defined D:\jingxishop\www.shop.com\Application\Home\Common\function.php 第 9 行.
NOTIC: [8] Undefined variable: user_info D:\jingxishop\www.shop.com\Application\Home\Common\function.php 第 10 行.

[ 2016-05-26T18:56:33+08:00 ] 127.0.0.1 /index.php/Member/getUserInfo.html
INFO: [ app_init ] --START--
INFO: Run Behavior\BuildLiteBehavior [ RunTime:0.000000s ]
INFO: [ app_init ] --END-- [ RunTime:0.000000s ]
INFO: [ app_begin ] --START--
INFO: Run Behavior\ReadHtmlCacheBehavior [ RunTime:0.000000s ]
INFO: [ app_begin ] --END-- [ RunTime:0.000000s ]
SQL: SHOW COLUMNS FROM `member` [ RunTime:0.0000s ]
NOTIC: [2] Missing argument 1 for login(), called in D:\jingxishop\www.shop.com\Application\Home\Controller\MemberController.class.php on line 110 and defined D:\jingxishop\www.shop.com\Application\Home\Common\function.php 第 9 行.
NOTIC: [8] Undefined variable: user_info D:\jingxishop\www.shop.com\Application\Home\Common\function.php 第 10 行.

[ 2016-05-26T18:56:34+08:00 ] 127.0.0.1 /index.php/Cart/flow1.html
INFO: [ app_init ] --START--
INFO: Run Behavior\BuildLiteBehavior [ RunTime:0.000000s ]
INFO: [ app_init ] --END-- [ RunTime:0.000000s ]
INFO: [ app_begin ] --START--
INFO: Run Behavior\ReadHtmlCacheBehavior [ RunTime:0.000000s ]
INFO: [ app_begin ] --END-- [ RunTime:0.000000s ]
SQL: SHOW COLUMNS FROM `shopping_car` [ RunTime:0.0156s ]
NOTIC: [2] Missing argument 1 for login(), called in D:\jingxishop\www.shop.com\Application\Home\Model\CartModel.class.php on line 73 and defined D:\jingxishop\www.shop.com\Application\Home\Common\function.php 第 9 行.
NOTIC: [8] Undefined variable: user_info D:\jingxishop\www.shop.com\Application\Home\Common\function.php 第 10 行.
SQL: SELECT `goods_id`,`amount` FROM `shopping_car` WHERE `member_id` = 1  [ RunTime:0.0000s ]
SQL: SHOW COLUMNS FROM `goods` [ RunTime:0.0156s ]
SQL: SELECT * FROM `goods` WHERE `id` IN (5,3)  [ RunTime:0.0000s ]
SQL: SHOW COLUMNS FROM `member` [ RunTime:0.0000s ]
SQL: SELECT `score` FROM `member` WHERE `id` = 1 LIMIT 1   [ RunTime:0.0000s ]
SQL: SHOW COLUMNS FROM `member_level` [ RunTime:0.0000s ]
SQL: SELECT `id`,`discount` FROM `member_level` WHERE `bottom` <= '12000' AND `top` >= '12000' LIMIT 1   [ RunTime:0.0000s ]
SQL: SHOW COLUMNS FROM `member_goods_price` [ RunTime:0.0156s ]
SQL: SELECT `price` FROM `member_goods_price` WHERE `goods_id` = 3 AND `member_level_id` = 2 LIMIT 1   [ RunTime:0.0000s ]
NOTIC: [2] number_format() expects parameter 1 to be double, array given D:\jingxishop\www.shop.com\Application\Home\Common\function.php 第 107 行.
SQL: SELECT `price` FROM `member_goods_price` WHERE `goods_id` = 5 AND `member_level_id` = 2 LIMIT 1   [ RunTime:0.0000s ]
NOTIC: [2] number_format() expects parameter 1 to be double, array given D:\jingxishop\www.shop.com\Application\Home\Common\function.php 第 107 行.
INFO: [ view_parse ] --START--
INFO: [ template_filter ] --START--
INFO: Run Behavior\ContentReplaceBehavior [ RunTime:0.000000s ]
INFO: [ template_filter ] --END-- [ RunTime:0.000000s ]
NOTIC: [8] Undefined variable: user_info D:\jingxishop\www.shop.com\Application\Runtime\Cache\Home\31ab2587832323f1db8cfcf4c29d389d.php 第 133 行.
INFO: Run Behavior\ParseTemplateBehavior [ RunTime:0.031250s ]
INFO: [ view_parse ] --END-- [ RunTime:0.031250s ]
INFO: [ view_filter ] --START--
INFO: Run Behavior\WriteHtmlCacheBehavior [ RunTime:0.000000s ]
INFO: [ view_filter ] --END-- [ RunTime:0.000000s ]
INFO: [ app_end ] --START--
INFO: Run Behavior\ShowPageTraceBehavior [ RunTime:0.000000s ]
INFO: [ app_end ] --END-- [ RunTime:0.000000s ]

[ 2016-05-26T18:56:35+08:00 ] 127.0.0.1 /index.php/Member/getUserInfo.html
INFO: [ app_init ] --START--
INFO: Run Behavior\BuildLiteBehavior [ RunTime:0.000000s ]
INFO: [ app_init ] --END-- [ RunTime:0.000000s ]
INFO: [ app_begin ] --START--
INFO: Run Behavior\ReadHtmlCacheBehavior [ RunTime:0.000000s ]
INFO: [ app_begin ] --END-- [ RunTime:0.000000s ]
SQL: SHOW COLUMNS FROM `member` [ RunTime:0.0156s ]
NOTIC: [2] Missing argument 1 for login(), called in D:\jingxishop\www.shop.com\Application\Home\Controller\MemberController.class.php on line 110 and defined D:\jingxishop\www.shop.com\Application\Home\Common\function.php 第 9 行.
NOTIC: [8] Undefined variable: user_info D:\jingxishop\www.shop.com\Application\Home\Common\function.php 第 10 行.

[ 2016-05-26T18:56:37+08:00 ] 127.0.0.1 /index.php/Cart/flow1.html
INFO: [ app_init ] --START--
INFO: Run Behavior\BuildLiteBehavior [ RunTime:0.000000s ]
INFO: [ app_init ] --END-- [ RunTime:0.000000s ]
INFO: [ app_begin ] --START--
INFO: Run Behavior\ReadHtmlCacheBehavior [ RunTime:0.015625s ]
INFO: [ app_begin ] --END-- [ RunTime:0.015625s ]
SQL: SHOW COLUMNS FROM `shopping_car` [ RunTime:0.0156s ]
NOTIC: [2] Missing argument 1 for login(), called in D:\jingxishop\www.shop.com\Application\Home\Model\CartModel.class.php on line 73 and defined D:\jingxishop\www.shop.com\Application\Home\Common\function.php 第 9 行.
NOTIC: [8] Undefined variable: user_info D:\jingxishop\www.shop.com\Application\Home\Common\function.php 第 10 行.
SQL: SELECT `goods_id`,`amount` FROM `shopping_car` WHERE `member_id` = 1  [ RunTime:0.0000s ]
SQL: SHOW COLUMNS FROM `goods` [ RunTime:0.0156s ]
SQL: SELECT * FROM `goods` WHERE `id` IN (5,3)  [ RunTime:0.0000s ]
SQL: SHOW COLUMNS FROM `member` [ RunTime:0.0156s ]
SQL: SELECT `score` FROM `member` WHERE `id` = 1 LIMIT 1   [ RunTime:0.0000s ]
SQL: SHOW COLUMNS FROM `member_level` [ RunTime:0.0156s ]
SQL: SELECT `id`,`discount` FROM `member_level` WHERE `bottom` <= '12000' AND `top` >= '12000' LIMIT 1   [ RunTime:0.0000s ]
SQL: SHOW COLUMNS FROM `member_goods_price` [ RunTime:0.0000s ]
SQL: SELECT `price` FROM `member_goods_price` WHERE `goods_id` = 3 AND `member_level_id` = 2 LIMIT 1   [ RunTime:0.0000s ]
NOTIC: [2] number_format() expects parameter 1 to be double, array given D:\jingxishop\www.shop.com\Application\Home\Common\function.php 第 107 行.
SQL: SELECT `price` FROM `member_goods_price` WHERE `goods_id` = 5 AND `member_level_id` = 2 LIMIT 1   [ RunTime:0.0000s ]
NOTIC: [2] number_format() expects parameter 1 to be double, array given D:\jingxishop\www.shop.com\Application\Home\Common\function.php 第 107 行.
INFO: [ view_parse ] --START--
INFO: [ template_filter ] --START--
INFO: Run Behavior\ContentReplaceBehavior [ RunTime:0.000000s ]
INFO: [ template_filter ] --END-- [ RunTime:0.000000s ]
NOTIC: [8] Undefined variable: user_info D:\jingxishop\www.shop.com\Application\Runtime\Cache\Home\31ab2587832323f1db8cfcf4c29d389d.php 第 133 行.
INFO: Run Behavior\ParseTemplateBehavior [ RunTime:0.046875s ]
INFO: [ view_parse ] --END-- [ RunTime:0.046875s ]
INFO: [ view_filter ] --START--
INFO: Run Behavior\WriteHtmlCacheBehavior [ RunTime:0.000000s ]
INFO: [ view_filter ] --END-- [ RunTime:0.000000s ]
INFO: [ app_end ] --START--
INFO: Run Behavior\ShowPageTraceBehavior [ RunTime:0.000000s ]
INFO: [ app_end ] --END-- [ RunTime:0.000000s ]

[ 2016-05-26T18:56:37+08:00 ] 127.0.0.1 /index.php/Member/getUserInfo.html
INFO: [ app_init ] --START--
INFO: Run Behavior\BuildLiteBehavior [ RunTime:0.000000s ]
INFO: [ app_init ] --END-- [ RunTime:0.000000s ]
INFO: [ app_begin ] --START--
INFO: Run Behavior\ReadHtmlCacheBehavior [ RunTime:0.000000s ]
INFO: [ app_begin ] --END-- [ RunTime:0.000000s ]
SQL: SHOW COLUMNS FROM `member` [ RunTime:0.0156s ]
NOTIC: [2] Missing argument 1 for login(), called in D:\jingxishop\www.shop.com\Application\Home\Controller\MemberController.class.php on line 110 and defined D:\jingxishop\www.shop.com\Application\Home\Common\function.php 第 9 行.
NOTIC: [8] Undefined variable: user_info D:\jingxishop\www.shop.com\Application\Home\Common\function.php 第 10 行.

[ 2016-05-26T18:56:38+08:00 ] 127.0.0.1 /index.php/Cart/flow1.html
INFO: [ app_init ] --START--
INFO: Run Behavior\BuildLiteBehavior [ RunTime:0.000000s ]
INFO: [ app_init ] --END-- [ RunTime:0.000000s ]
INFO: [ app_begin ] --START--
INFO: Run Behavior\ReadHtmlCacheBehavior [ RunTime:0.000000s ]
INFO: [ app_begin ] --END-- [ RunTime:0.000000s ]
SQL: SHOW COLUMNS FROM `shopping_car` [ RunTime:0.0156s ]
NOTIC: [2] Missing argument 1 for login(), called in D:\jingxishop\www.shop.com\Application\Home\Model\CartModel.class.php on line 73 and defined D:\jingxishop\www.shop.com\Application\Home\Common\function.php 第 9 行.
NOTIC: [8] Undefined variable: user_info D:\jingxishop\www.shop.com\Application\Home\Common\function.php 第 10 行.
SQL: SELECT `goods_id`,`amount` FROM `shopping_car` WHERE `member_id` = 1  [ RunTime:0.0000s ]
SQL: SHOW COLUMNS FROM `goods` [ RunTime:0.0000s ]
SQL: SELECT * FROM `goods` WHERE `id` IN (5,3)  [ RunTime:0.0000s ]
SQL: SHOW COLUMNS FROM `member` [ RunTime:0.0156s ]
SQL: SELECT `score` FROM `member` WHERE `id` = 1 LIMIT 1   [ RunTime:0.0000s ]
SQL: SHOW COLUMNS FROM `member_level` [ RunTime:0.0000s ]
SQL: SELECT `id`,`discount` FROM `member_level` WHERE `bottom` <= '12000' AND `top` >= '12000' LIMIT 1   [ RunTime:0.0000s ]
SQL: SHOW COLUMNS FROM `member_goods_price` [ RunTime:0.0156s ]
SQL: SELECT `price` FROM `member_goods_price` WHERE `goods_id` = 3 AND `member_level_id` = 2 LIMIT 1   [ RunTime:0.0000s ]
NOTIC: [2] number_format() expects parameter 1 to be double, array given D:\jingxishop\www.shop.com\Application\Home\Common\function.php 第 107 行.
SQL: SELECT `price` FROM `member_goods_price` WHERE `goods_id` = 5 AND `member_level_id` = 2 LIMIT 1   [ RunTime:0.0000s ]
NOTIC: [2] number_format() expects parameter 1 to be double, array given D:\jingxishop\www.shop.com\Application\Home\Common\function.php 第 107 行.
INFO: [ view_parse ] --START--
INFO: [ template_filter ] --START--
INFO: Run Behavior\ContentReplaceBehavior [ RunTime:0.000000s ]
INFO: [ template_filter ] --END-- [ RunTime:0.000000s ]
NOTIC: [8] Undefined variable: user_info D:\jingxishop\www.shop.com\Application\Runtime\Cache\Home\31ab2587832323f1db8cfcf4c29d389d.php 第 133 行.
INFO: Run Behavior\ParseTemplateBehavior [ RunTime:0.015625s ]
INFO: [ view_parse ] --END-- [ RunTime:0.015625s ]
INFO: [ view_filter ] --START--
INFO: Run Behavior\WriteHtmlCacheBehavior [ RunTime:0.000000s ]
INFO: [ view_filter ] --END-- [ RunTime:0.000000s ]
INFO: [ app_end ] --START--
INFO: Run Behavior\ShowPageTraceBehavior [ RunTime:0.000000s ]
INFO: [ app_end ] --END-- [ RunTime:0.000000s ]

[ 2016-05-26T18:56:38+08:00 ] 127.0.0.1 /index.php/Member/getUserInfo.html
INFO: [ app_init ] --START--
INFO: Run Behavior\BuildLiteBehavior [ RunTime:0.000000s ]
INFO: [ app_init ] --END-- [ RunTime:0.015625s ]
INFO: [ app_begin ] --START--
INFO: Run Behavior\ReadHtmlCacheBehavior [ RunTime:0.000000s ]
INFO: [ app_begin ] --END-- [ RunTime:0.000000s ]
SQL: SHOW COLUMNS FROM `member` [ RunTime:0.0000s ]
NOTIC: [2] Missing argument 1 for login(), called in D:\jingxishop\www.shop.com\Application\Home\Controller\MemberController.class.php on line 110 and defined D:\jingxishop\www.shop.com\Application\Home\Common\function.php 第 9 行.
NOTIC: [8] Undefined variable: user_info D:\jingxishop\www.shop.com\Application\Home\Common\function.php 第 10 行.

[ 2016-05-26T18:57:07+08:00 ] 127.0.0.1 /index.php/Cart/flow2.html
INFO: [ app_init ] --START--
INFO: Run Behavior\BuildLiteBehavior [ RunTime:0.000000s ]
INFO: [ app_init ] --END-- [ RunTime:0.000000s ]
INFO: [ app_begin ] --START--
INFO: Run Behavior\ReadHtmlCacheBehavior [ RunTime:0.015625s ]
INFO: [ app_begin ] --END-- [ RunTime:0.015625s ]
SQL: SHOW COLUMNS FROM `shopping_car` [ RunTime:0.0000s ]
NOTIC: [2] Missing argument 1 for login(), called in D:\jingxishop\www.shop.com\Application\Home\Controller\CartController.class.php on line 49 and defined D:\jingxishop\www.shop.com\Application\Home\Common\function.php 第 9 行.
NOTIC: [8] Undefined variable: user_info D:\jingxishop\www.shop.com\Application\Home\Common\function.php 第 10 行.
NOTIC: [2] Missing argument 1 for login(), called in D:\jingxishop\www.shop.com\Application\Home\Model\CartModel.class.php on line 73 and defined D:\jingxishop\www.shop.com\Application\Home\Common\function.php 第 9 行.
NOTIC: [8] Undefined variable: user_info D:\jingxishop\www.shop.com\Application\Home\Common\function.php 第 10 行.
SQL: SELECT `goods_id`,`amount` FROM `shopping_car` WHERE `member_id` = 1  [ RunTime:0.0000s ]
SQL: SHOW COLUMNS FROM `goods` [ RunTime:0.0000s ]
SQL: SELECT * FROM `goods` WHERE `id` IN (5,3)  [ RunTime:0.0000s ]
SQL: SHOW COLUMNS FROM `member` [ RunTime:0.0156s ]
SQL: SELECT `score` FROM `member` WHERE `id` = 1 LIMIT 1   [ RunTime:0.0000s ]
SQL: SHOW COLUMNS FROM `member_level` [ RunTime:0.0000s ]
SQL: SELECT `id`,`discount` FROM `member_level` WHERE `bottom` <= '12000' AND `top` >= '12000' LIMIT 1   [ RunTime:0.0000s ]
SQL: SHOW COLUMNS FROM `member_goods_price` [ RunTime:0.0156s ]
SQL: SELECT `price` FROM `member_goods_price` WHERE `goods_id` = 3 AND `member_level_id` = 2 LIMIT 1   [ RunTime:0.0000s ]

[ 2016-05-26T18:57:14+08:00 ] 127.0.0.1 /index.php/Member/getUserInfo.html
INFO: [ app_init ] --START--
INFO: Run Behavior\BuildLiteBehavior [ RunTime:0.000000s ]
INFO: [ app_init ] --END-- [ RunTime:0.000000s ]
INFO: [ app_begin ] --START--
INFO: Run Behavior\ReadHtmlCacheBehavior [ RunTime:0.000000s ]
INFO: [ app_begin ] --END-- [ RunTime:0.015625s ]
SQL: SHOW COLUMNS FROM `member` [ RunTime:0.0000s ]
NOTIC: [2] Missing argument 1 for login(), called in D:\jingxishop\www.shop.com\Application\Home\Controller\MemberController.class.php on line 110 and defined D:\jingxishop\www.shop.com\Application\Home\Common\function.php 第 9 行.
NOTIC: [8] Undefined variable: user_info D:\jingxishop\www.shop.com\Application\Home\Common\function.php 第 10 行.

[ 2016-05-26T18:58:23+08:00 ] 127.0.0.1 /index.php/Cart/flow2.html
INFO: [ app_init ] --START--
INFO: Run Behavior\BuildLiteBehavior [ RunTime:0.000000s ]
INFO: [ app_init ] --END-- [ RunTime:0.000000s ]
INFO: [ app_begin ] --START--
INFO: Run Behavior\ReadHtmlCacheBehavior [ RunTime:0.000000s ]
INFO: [ app_begin ] --END-- [ RunTime:0.000000s ]
SQL: SHOW COLUMNS FROM `shopping_car` [ RunTime:0.0156s ]
NOTIC: [2] Missing argument 1 for login(), called in D:\jingxishop\www.shop.com\Application\Home\Controller\CartController.class.php on line 49 and defined D:\jingxishop\www.shop.com\Application\Home\Common\function.php 第 9 行.
NOTIC: [8] Undefined variable: user_info D:\jingxishop\www.shop.com\Application\Home\Common\function.php 第 10 行.
NOTIC: [2] Missing argument 1 for login(), called in D:\jingxishop\www.shop.com\Application\Home\Model\CartModel.class.php on line 73 and defined D:\jingxishop\www.shop.com\Application\Home\Common\function.php 第 9 行.
NOTIC: [8] Undefined variable: user_info D:\jingxishop\www.shop.com\Application\Home\Common\function.php 第 10 行.
SQL: SELECT `goods_id`,`amount` FROM `shopping_car` WHERE `member_id` = 1  [ RunTime:0.0000s ]
SQL: SHOW COLUMNS FROM `goods` [ RunTime:0.0000s ]
SQL: SELECT * FROM `goods` WHERE `id` IN (5,3)  [ RunTime:0.0000s ]
SQL: SHOW COLUMNS FROM `member` [ RunTime:0.0156s ]
SQL: SELECT `score` FROM `member` WHERE `id` = 1 LIMIT 1   [ RunTime:0.0000s ]
SQL: SHOW COLUMNS FROM `member_level` [ RunTime:0.0000s ]
SQL: SELECT `id`,`discount` FROM `member_level` WHERE `bottom` <= '12000' AND `top` >= '12000' LIMIT 1   [ RunTime:0.0000s ]
SQL: SHOW COLUMNS FROM `member_goods_price` [ RunTime:0.0156s ]
SQL: SELECT `price` FROM `member_goods_price` WHERE `goods_id` = 3 AND `member_level_id` = 2 LIMIT 1   [ RunTime:0.0000s ]
NOTIC: [2] number_format() expects parameter 1 to be double, array given D:\jingxishop\www.shop.com\Application\Home\Common\function.php 第 107 行.
SQL: SELECT `price` FROM `member_goods_price` WHERE `goods_id` = 5 AND `member_level_id` = 2 LIMIT 1   [ RunTime:0.0000s ]
NOTIC: [2] number_format() expects parameter 1 to be double, array given D:\jingxishop\www.shop.com\Application\Home\Common\function.php 第 107 行.

[ 2016-05-26T19:03:03+08:00 ] 127.0.0.1 /index.php/Cart/flow2.html
INFO: [ app_init ] --START--
INFO: Run Behavior\BuildLiteBehavior [ RunTime:0.000000s ]
INFO: [ app_init ] --END-- [ RunTime:0.000000s ]
INFO: [ app_begin ] --START--
INFO: Run Behavior\ReadHtmlCacheBehavior [ RunTime:0.000000s ]
INFO: [ app_begin ] --END-- [ RunTime:0.000000s ]
SQL: SHOW COLUMNS FROM `shopping_car` [ RunTime:0.0156s ]
NOTIC: [2] Missing argument 1 for login(), called in D:\jingxishop\www.shop.com\Application\Home\Controller\CartController.class.php on line 49 and defined D:\jingxishop\www.shop.com\Application\Home\Common\function.php 第 9 行.
NOTIC: [8] Undefined variable: user_info D:\jingxishop\www.shop.com\Application\Home\Common\function.php 第 10 行.
NOTIC: [2] Missing argument 1 for login(), called in D:\jingxishop\www.shop.com\Application\Home\Model\CartModel.class.php on line 73 and defined D:\jingxishop\www.shop.com\Application\Home\Common\function.php 第 9 行.
NOTIC: [8] Undefined variable: user_info D:\jingxishop\www.shop.com\Application\Home\Common\function.php 第 10 行.
SQL: SELECT `goods_id`,`amount` FROM `shopping_car` WHERE `member_id` = 1  [ RunTime:0.0000s ]
SQL: SHOW COLUMNS FROM `goods` [ RunTime:0.0156s ]
SQL: SELECT * FROM `goods` WHERE `id` IN (5,3)  [ RunTime:0.0000s ]
SQL: SHOW COLUMNS FROM `member` [ RunTime:0.0156s ]
SQL: SELECT `score` FROM `member` WHERE `id` = 1 LIMIT 1   [ RunTime:0.0000s ]
SQL: SHOW COLUMNS FROM `member_level` [ RunTime:0.0156s ]
SQL: SELECT `id`,`discount` FROM `member_level` WHERE `bottom` <= '12000' AND `top` >= '12000' LIMIT 1   [ RunTime:0.0000s ]
SQL: SHOW COLUMNS FROM `member_goods_price` [ RunTime:0.0156s ]
SQL: SELECT `price` FROM `member_goods_price` WHERE `goods_id` = 3 AND `member_level_id` = 2 LIMIT 1   [ RunTime:0.0000s ]
NOTIC: [2] number_format() expects parameter 1 to be double, array given D:\jingxishop\www.shop.com\Application\Home\Common\function.php 第 107 行.
SQL: SELECT `price` FROM `member_goods_price` WHERE `goods_id` = 5 AND `member_level_id` = 2 LIMIT 1   [ RunTime:0.0000s ]
NOTIC: [2] number_format() expects parameter 1 to be double, array given D:\jingxishop\www.shop.com\Application\Home\Common\function.php 第 107 行.

[ 2016-05-26T19:05:29+08:00 ] 127.0.0.1 /index.php/Cart/flow2.html
INFO: [ app_init ] --START--
INFO: Run Behavior\BuildLiteBehavior [ RunTime:0.000000s ]
INFO: [ app_init ] --END-- [ RunTime:0.000000s ]
INFO: [ app_begin ] --START--
INFO: Run Behavior\ReadHtmlCacheBehavior [ RunTime:0.000000s ]
INFO: [ app_begin ] --END-- [ RunTime:0.000000s ]
SQL: SHOW COLUMNS FROM `shopping_car` [ RunTime:0.0000s ]
NOTIC: [2] Missing argument 1 for login(), called in D:\jingxishop\www.shop.com\Application\Home\Controller\CartController.class.php on line 49 and defined D:\jingxishop\www.shop.com\Application\Home\Common\function.php 第 9 行.
NOTIC: [8] Undefined variable: user_info D:\jingxishop\www.shop.com\Application\Home\Common\function.php 第 10 行.
NOTIC: [2] Missing argument 1 for login(), called in D:\jingxishop\www.shop.com\Application\Home\Model\CartModel.class.php on line 73 and defined D:\jingxishop\www.shop.com\Application\Home\Common\function.php 第 9 行.
NOTIC: [8] Undefined variable: user_info D:\jingxishop\www.shop.com\Application\Home\Common\function.php 第 10 行.
SQL: SELECT `goods_id`,`amount` FROM `shopping_car` WHERE `member_id` = 1  [ RunTime:0.0000s ]
SQL: SHOW COLUMNS FROM `goods` [ RunTime:0.0156s ]
SQL: SELECT * FROM `goods` WHERE `id` IN (5,3)  [ RunTime:0.0000s ]
SQL: SHOW COLUMNS FROM `member` [ RunTime:0.0000s ]
SQL: SELECT `score` FROM `member` WHERE `id` = 1 LIMIT 1   [ RunTime:0.0000s ]
SQL: SHOW COLUMNS FROM `member_level` [ RunTime:0.0156s ]
SQL: SELECT `id`,`discount` FROM `member_level` WHERE `bottom` <= '12000' AND `top` >= '12000' LIMIT 1   [ RunTime:0.0000s ]
SQL: SHOW COLUMNS FROM `member_goods_price` [ RunTime:0.0000s ]
SQL: SELECT `price` FROM `member_goods_price` WHERE `goods_id` = 3 AND `member_level_id` = 2 LIMIT 1   [ RunTime:0.0000s ]
SQL: SELECT `price` FROM `member_goods_price` WHERE `goods_id` = 5 AND `member_level_id` = 2 LIMIT 1   [ RunTime:0.0000s ]

[ 2016-05-26T19:06:52+08:00 ] 127.0.0.1 /index.php/Cart/flow2.html
INFO: [ app_init ] --START--
INFO: Run Behavior\BuildLiteBehavior [ RunTime:0.000000s ]
INFO: [ app_init ] --END-- [ RunTime:0.000000s ]
INFO: [ app_begin ] --START--
INFO: Run Behavior\ReadHtmlCacheBehavior [ RunTime:0.000000s ]
INFO: [ app_begin ] --END-- [ RunTime:0.000000s ]
SQL: SHOW COLUMNS FROM `shopping_car` [ RunTime:0.0000s ]
NOTIC: [2] Missing argument 1 for login(), called in D:\jingxishop\www.shop.com\Application\Home\Controller\CartController.class.php on line 49 and defined D:\jingxishop\www.shop.com\Application\Home\Common\function.php 第 9 行.
NOTIC: [8] Undefined variable: user_info D:\jingxishop\www.shop.com\Application\Home\Common\function.php 第 10 行.
NOTIC: [2] Missing argument 1 for login(), called in D:\jingxishop\www.shop.com\Application\Home\Model\CartModel.class.php on line 73 and defined D:\jingxishop\www.shop.com\Application\Home\Common\function.php 第 9 行.
NOTIC: [8] Undefined variable: user_info D:\jingxishop\www.shop.com\Application\Home\Common\function.php 第 10 行.
SQL: SELECT `goods_id`,`amount` FROM `shopping_car` WHERE `member_id` = 1  [ RunTime:0.0000s ]
SQL: SHOW COLUMNS FROM `goods` [ RunTime:0.0000s ]
SQL: SELECT * FROM `goods` WHERE `id` IN (5,3)  [ RunTime:0.0000s ]
SQL: SHOW COLUMNS FROM `member` [ RunTime:0.0000s ]
SQL: SELECT `score` FROM `member` WHERE `id` = 1 LIMIT 1   [ RunTime:0.0000s ]
SQL: SHOW COLUMNS FROM `member_level` [ RunTime:0.0156s ]
SQL: SELECT `id`,`discount` FROM `member_level` WHERE `bottom` <= '12000' AND `top` >= '12000' LIMIT 1   [ RunTime:0.0000s ]
SQL: SHOW COLUMNS FROM `member_goods_price` [ RunTime:0.0156s ]
SQL: SELECT `price` FROM `member_goods_price` WHERE `goods_id` = 3 AND `member_level_id` = 2 LIMIT 1   [ RunTime:0.0000s ]
SQL: SELECT `price` FROM `member_goods_price` WHERE `goods_id` = 5 AND `member_level_id` = 2 LIMIT 1   [ RunTime:0.0000s ]
SQL: SHOW COLUMNS FROM `address` [ RunTime:0.0156s ]
NOTIC: [2] Missing argument 1 for login(), called in D:\jingxishop\www.shop.com\Application\Home\Model\AddressModel.class.php on line 68 and defined D:\jingxishop\www.shop.com\Application\Home\Common\function.php 第 9 行.
NOTIC: [8] Undefined variable: user_info D:\jingxishop\www.shop.com\Application\Home\Common\function.php 第 10 行.
SQL: SELECT * FROM `address` WHERE `member_id` = 1  [ RunTime:0.0000s ]
SQL: SHOW COLUMNS FROM `delivery` [ RunTime:0.0000s ]
SQL: SELECT * FROM `delivery` WHERE `status` = 1  [ RunTime:0.0000s ]
SQL: SHOW COLUMNS FROM `payment` [ RunTime:0.0156s ]
SQL: SELECT * FROM `payment` WHERE `status` = 1  [ RunTime:0.0000s ]
INFO: [ view_parse ] --START--
INFO: [ template_filter ] --START--
INFO: Run Behavior\ContentReplaceBehavior [ RunTime:0.000000s ]
INFO: [ template_filter ] --END-- [ RunTime:0.000000s ]
NOTIC: [8] Undefined variable: user_info D:\jingxishop\www.shop.com\Application\Runtime\Cache\Home\0da542748088e6413030f0bb8f5c7f85.php 第 258 行.
INFO: Run Behavior\ParseTemplateBehavior [ RunTime:0.031250s ]
INFO: [ view_parse ] --END-- [ RunTime:0.031250s ]
INFO: [ view_filter ] --START--
INFO: Run Behavior\WriteHtmlCacheBehavior [ RunTime:0.000000s ]
INFO: [ view_filter ] --END-- [ RunTime:0.000000s ]
INFO: [ app_end ] --START--
INFO: Run Behavior\ShowPageTraceBehavior [ RunTime:0.000000s ]
INFO: [ app_end ] --END-- [ RunTime:0.000000s ]

[ 2016-05-26T19:06:52+08:00 ] 127.0.0.1 /index.php/Member/getUserInfo.html
INFO: [ app_init ] --START--
INFO: Run Behavior\BuildLiteBehavior [ RunTime:0.000000s ]
INFO: [ app_init ] --END-- [ RunTime:0.000000s ]
INFO: [ app_begin ] --START--
INFO: Run Behavior\ReadHtmlCacheBehavior [ RunTime:0.000000s ]
INFO: [ app_begin ] --END-- [ RunTime:0.000000s ]
SQL: SHOW COLUMNS FROM `member` [ RunTime:0.0156s ]
NOTIC: [2] Missing argument 1 for login(), called in D:\jingxishop\www.shop.com\Application\Home\Controller\MemberController.class.php on line 110 and defined D:\jingxishop\www.shop.com\Application\Home\Common\function.php 第 9 行.
NOTIC: [8] Undefined variable: user_info D:\jingxishop\www.shop.com\Application\Home\Common\function.php 第 10 行.

[ 2016-05-26T19:09:14+08:00 ] 127.0.0.1 /index.php/Order/add.html
INFO: [ app_init ] --START--
INFO: Run Behavior\BuildLiteBehavior [ RunTime:0.000000s ]
INFO: [ app_init ] --END-- [ RunTime:0.015625s ]
INFO: [ app_begin ] --START--
INFO: Run Behavior\ReadHtmlCacheBehavior [ RunTime:0.000000s ]
INFO: [ app_begin ] --END-- [ RunTime:0.000000s ]
SQL: SHOW COLUMNS FROM `order_info` [ RunTime:0.0000s ]
NOTIC: [8] Undefined index: validate D:\jingxishop\ThinkPHP\Library\Think\Model.class.php 第 1185 行.
NOTIC: [8] Undefined index: auto D:\jingxishop\ThinkPHP\Library\Think\Model.class.php 第 1128 行.
NOTIC: [2] Missing argument 1 for login(), called in D:\jingxishop\www.shop.com\Application\Home\Model\OrderInfoModel.class.php on line 21 and defined D:\jingxishop\www.shop.com\Application\Home\Common\function.php 第 9 行.
NOTIC: [8] Undefined variable: user_info D:\jingxishop\www.shop.com\Application\Home\Common\function.php 第 10 行.
SQL: SHOW COLUMNS FROM `address` [ RunTime:0.0000s ]
NOTIC: [2] Missing argument 1 for login(), called in D:\jingxishop\www.shop.com\Application\Home\Model\AddressModel.class.php on line 79 and defined D:\jingxishop\www.shop.com\Application\Home\Common\function.php 第 9 行.
NOTIC: [8] Undefined variable: user_info D:\jingxishop\www.shop.com\Application\Home\Common\function.php 第 10 行.
SQL: SELECT * FROM `address` WHERE `id` = 3 LIMIT 1   [ RunTime:0.0156s ]
SQL: SHOW COLUMNS FROM `delivery` [ RunTime:0.0000s ]
SQL: SELECT `name`,`price` FROM `delivery` WHERE `id` = 2 LIMIT 1   [ RunTime:0.0000s ]
SQL: SHOW COLUMNS FROM `payment` [ RunTime:0.0156s ]
SQL: SELECT `name` FROM `payment` WHERE `id` = 1 LIMIT 1   [ RunTime:0.0000s ]
SQL: SHOW COLUMNS FROM `shopping_car` [ RunTime:0.0156s ]
NOTIC: [2] Missing argument 1 for login(), called in D:\jingxishop\www.shop.com\Application\Home\Model\CartModel.class.php on line 73 and defined D:\jingxishop\www.shop.com\Application\Home\Common\function.php 第 9 行.
NOTIC: [8] Undefined variable: user_info D:\jingxishop\www.shop.com\Application\Home\Common\function.php 第 10 行.
SQL: SELECT `goods_id`,`amount` FROM `shopping_car` WHERE `member_id` = 1  [ RunTime:0.0000s ]
SQL: SHOW COLUMNS FROM `goods` [ RunTime:0.0156s ]
SQL: SELECT * FROM `goods` WHERE `id` IN (5,3)  [ RunTime:0.0000s ]
SQL: SHOW COLUMNS FROM `member` [ RunTime:0.0156s ]
SQL: SELECT `score` FROM `member` WHERE `id` = 1 LIMIT 1   [ RunTime:0.0000s ]
SQL: SHOW COLUMNS FROM `member_level` [ RunTime:0.0156s ]
SQL: SELECT `id`,`discount` FROM `member_level` WHERE `bottom` <= '12000' AND `top` >= '12000' LIMIT 1   [ RunTime:0.0000s ]
SQL: SHOW COLUMNS FROM `member_goods_price` [ RunTime:0.0000s ]
SQL: SELECT `price` FROM `member_goods_price` WHERE `goods_id` = 3 AND `member_level_id` = 2 LIMIT 1   [ RunTime:0.0000s ]
SQL: SELECT `price` FROM `member_goods_price` WHERE `goods_id` = 5 AND `member_level_id` = 2 LIMIT 1   [ RunTime:0.0156s ]
SQL: INSERT INTO `order_info` (`delivery_id`,`pay_type_id`,`member_id`,`name`,`province_name`,`city_name`,`area_name`,`detail_address`,`tel`,`delivery_name`,`delivery_price`,`price`,`status`) VALUES ('2','1','1','李萍','山西省','阳泉市','平定县','一二121212','18866665555','快递','10.00','960.00','1') [ RunTime:0.0000s ]
SQL: SHOW COLUMNS FROM `order_info_item` [ RunTime:0.0000s ]
SQL: INSERT INTO `order_info_item` (`logo`,`amount`,`order_info_id`,`goods_id`,`goods_name`,`price`) VALUES ('http://admin.shop.com/Uploads/20160521/574037f6a7d8c.jpg','3','2','3','格力空调!','600.00'),('http://admin.shop.com/Uploads/20160521/5740382c3567e.jpg','3','2','5','小太阳','360.00') [ RunTime:0.0000s ]
SQL: SHOW COLUMNS FROM `invoice` [ RunTime:0.0000s ]
SQL: INSERT INTO `invoice` (`name`,`content`,`price`,`inputtime`,`member_id`,`order_info_id`) VALUES ('李萍','李萍
格力空调!	200.00	x	3	600.00
小太阳	120.00	x	3	360.00
总计960.00','960.00','1464260954','1','2') [ RunTime:0.0000s ]

[ 2016-05-26T19:09:14+08:00 ] 127.0.0.1 /index.php/Cart/flow3/aaa/1464260954.html
INFO: [ app_init ] --START--
INFO: Run Behavior\BuildLiteBehavior [ RunTime:0.000000s ]
INFO: [ app_init ] --END-- [ RunTime:0.000000s ]
INFO: [ app_begin ] --START--
INFO: Run Behavior\ReadHtmlCacheBehavior [ RunTime:0.000000s ]
INFO: [ app_begin ] --END-- [ RunTime:0.000000s ]
SQL: SHOW COLUMNS FROM `shopping_car` [ RunTime:0.0000s ]
INFO: [ view_parse ] --START--
INFO: [ template_filter ] --START--
INFO: Run Behavior\ContentReplaceBehavior [ RunTime:0.000000s ]
INFO: [ template_filter ] --END-- [ RunTime:0.000000s ]
NOTIC: [8] Undefined variable: user_info D:\jingxishop\www.shop.com\Application\Runtime\Cache\Home\5e8c068fc498cd18a9b7a260f1759105.php 第 107 行.
INFO: Run Behavior\ParseTemplateBehavior [ RunTime:0.031250s ]
INFO: [ view_parse ] --END-- [ RunTime:0.031250s ]
INFO: [ view_filter ] --START--
INFO: Run Behavior\WriteHtmlCacheBehavior [ RunTime:0.000000s ]
INFO: [ view_filter ] --END-- [ RunTime:0.000000s ]
INFO: [ app_end ] --START--
INFO: Run Behavior\ShowPageTraceBehavior [ RunTime:0.000000s ]
INFO: [ app_end ] --END-- [ RunTime:0.000000s ]

[ 2016-05-26T19:09:15+08:00 ] 127.0.0.1 /index.php/Member/getUserInfo.html
INFO: [ app_init ] --START--
INFO: Run Behavior\BuildLiteBehavior [ RunTime:0.000000s ]
INFO: [ app_init ] --END-- [ RunTime:0.000000s ]
INFO: [ app_begin ] --START--
INFO: Run Behavior\ReadHtmlCacheBehavior [ RunTime:0.000000s ]
INFO: [ app_begin ] --END-- [ RunTime:0.000000s ]
SQL: SHOW COLUMNS FROM `member` [ RunTime:0.0000s ]
NOTIC: [2] Missing argument 1 for login(), called in D:\jingxishop\www.shop.com\Application\Home\Controller\MemberController.class.php on line 110 and defined D:\jingxishop\www.shop.com\Application\Home\Common\function.php 第 9 行.
NOTIC: [8] Undefined variable: user_info D:\jingxishop\www.shop.com\Application\Home\Common\function.php 第 10 行.

[ 2016-05-26T19:09:33+08:00 ] 127.0.0.1 /index.php/Cart/flow3/aaa/1464260954.html
INFO: [ app_init ] --START--
INFO: Run Behavior\BuildLiteBehavior [ RunTime:0.000000s ]
INFO: [ app_init ] --END-- [ RunTime:0.000000s ]
INFO: [ app_begin ] --START--
INFO: Run Behavior\ReadHtmlCacheBehavior [ RunTime:0.000000s ]
INFO: [ app_begin ] --END-- [ RunTime:0.000000s ]
SQL: SHOW COLUMNS FROM `shopping_car` [ RunTime:0.0156s ]
INFO: [ view_parse ] --START--
INFO: [ template_filter ] --START--
INFO: Run Behavior\ContentReplaceBehavior [ RunTime:0.000000s ]
INFO: [ template_filter ] --END-- [ RunTime:0.000000s ]
NOTIC: [8] Undefined variable: user_info D:\jingxishop\www.shop.com\Application\Runtime\Cache\Home\5e8c068fc498cd18a9b7a260f1759105.php 第 107 行.
INFO: Run Behavior\ParseTemplateBehavior [ RunTime:0.015625s ]
INFO: [ view_parse ] --END-- [ RunTime:0.015625s ]
INFO: [ view_filter ] --START--
INFO: Run Behavior\WriteHtmlCacheBehavior [ RunTime:0.015625s ]
INFO: [ view_filter ] --END-- [ RunTime:0.015625s ]
INFO: [ app_end ] --START--
INFO: Run Behavior\ShowPageTraceBehavior [ RunTime:0.000000s ]
INFO: [ app_end ] --END-- [ RunTime:0.000000s ]

[ 2016-05-26T19:09:34+08:00 ] 127.0.0.1 /index.php/Member/getUserInfo.html
INFO: [ app_init ] --START--
INFO: Run Behavior\BuildLiteBehavior [ RunTime:0.000000s ]
INFO: [ app_init ] --END-- [ RunTime:0.000000s ]
INFO: [ app_begin ] --START--
INFO: Run Behavior\ReadHtmlCacheBehavior [ RunTime:0.000000s ]
INFO: [ app_begin ] --END-- [ RunTime:0.000000s ]
SQL: SHOW COLUMNS FROM `member` [ RunTime:0.0156s ]
NOTIC: [2] Missing argument 1 for login(), called in D:\jingxishop\www.shop.com\Application\Home\Controller\MemberController.class.php on line 110 and defined D:\jingxishop\www.shop.com\Application\Home\Common\function.php 第 9 行.
NOTIC: [8] Undefined variable: user_info D:\jingxishop\www.shop.com\Application\Home\Common\function.php 第 10 行.

[ 2016-05-26T19:09:59+08:00 ] 127.0.0.1 /index.php/Cart/flow3/aaa/1464260954.html
INFO: [ app_init ] --START--
INFO: Run Behavior\BuildLiteBehavior [ RunTime:0.000000s ]
INFO: [ app_init ] --END-- [ RunTime:0.000000s ]
INFO: [ app_begin ] --START--
INFO: Run Behavior\ReadHtmlCacheBehavior [ RunTime:0.000000s ]
INFO: [ app_begin ] --END-- [ RunTime:0.000000s ]
SQL: SHOW COLUMNS FROM `shopping_car` [ RunTime:0.0000s ]
INFO: [ view_parse ] --START--
INFO: [ template_filter ] --START--
INFO: Run Behavior\ContentReplaceBehavior [ RunTime:0.000000s ]
INFO: [ template_filter ] --END-- [ RunTime:0.000000s ]
NOTIC: [8] Undefined variable: user_info D:\jingxishop\www.shop.com\Application\Runtime\Cache\Home\5e8c068fc498cd18a9b7a260f1759105.php 第 107 行.
INFO: Run Behavior\ParseTemplateBehavior [ RunTime:0.015625s ]
INFO: [ view_parse ] --END-- [ RunTime:0.015625s ]
INFO: [ view_filter ] --START--
INFO: Run Behavior\WriteHtmlCacheBehavior [ RunTime:0.000000s ]
INFO: [ view_filter ] --END-- [ RunTime:0.000000s ]
INFO: [ app_end ] --START--
INFO: Run Behavior\ShowPageTraceBehavior [ RunTime:0.015625s ]
INFO: [ app_end ] --END-- [ RunTime:0.015625s ]

[ 2016-05-26T19:10:00+08:00 ] 127.0.0.1 /index.php/Member/getUserInfo.html
INFO: [ app_init ] --START--
INFO: Run Behavior\BuildLiteBehavior [ RunTime:0.000000s ]
INFO: [ app_init ] --END-- [ RunTime:0.000000s ]
INFO: [ app_begin ] --START--
INFO: Run Behavior\ReadHtmlCacheBehavior [ RunTime:0.000000s ]
INFO: [ app_begin ] --END-- [ RunTime:0.000000s ]
SQL: SHOW COLUMNS FROM `member` [ RunTime:0.0156s ]
NOTIC: [2] Missing argument 1 for login(), called in D:\jingxishop\www.shop.com\Application\Home\Controller\MemberController.class.php on line 110 and defined D:\jingxishop\www.shop.com\Application\Home\Common\function.php 第 9 行.
NOTIC: [8] Undefined variable: user_info D:\jingxishop\www.shop.com\Application\Home\Common\function.php 第 10 行.

[ 2016-05-26T19:10:09+08:00 ] 127.0.0.1 /index.php/Order/index.html
INFO: [ app_init ] --START--
INFO: Run Behavior\BuildLiteBehavior [ RunTime:0.000000s ]
INFO: [ app_init ] --END-- [ RunTime:0.000000s ]
INFO: [ app_begin ] --START--
INFO: Run Behavior\ReadHtmlCacheBehavior [ RunTime:0.000000s ]
INFO: [ app_begin ] --END-- [ RunTime:0.000000s ]
SQL: SHOW COLUMNS FROM `order_info` [ RunTime:0.0156s ]
ERR: 非法操作:index

[ 2016-05-26T19:10:12+08:00 ] 127.0.0.1 /index.php/Member/getUserInfo.html
INFO: [ app_init ] --START--
INFO: Run Behavior\BuildLiteBehavior [ RunTime:0.000000s ]
INFO: [ app_init ] --END-- [ RunTime:0.000000s ]
INFO: [ app_begin ] --START--
INFO: Run Behavior\ReadHtmlCacheBehavior [ RunTime:0.000000s ]
INFO: [ app_begin ] --END-- [ RunTime:0.000000s ]
SQL: SHOW COLUMNS FROM `member` [ RunTime:0.0156s ]
NOTIC: [2] Missing argument 1 for login(), called in D:\jingxishop\www.shop.com\Application\Home\Controller\MemberController.class.php on line 110 and defined D:\jingxishop\www.shop.com\Application\Home\Common\function.php 第 9 行.
NOTIC: [8] Undefined variable: user_info D:\jingxishop\www.shop.com\Application\Home\Common\function.php 第 10 行.

[ 2016-05-26T19:10:13+08:00 ] 127.0.0.1 /index.php/Index/index.html
INFO: [ app_init ] --START--
INFO: Run Behavior\BuildLiteBehavior [ RunTime:0.000000s ]
INFO: [ app_init ] --END-- [ RunTime:0.000000s ]
INFO: [ app_begin ] --START--
INFO: Run Behavior\ReadHtmlCacheBehavior [ RunTime:0.000000s ]
INFO: [ app_begin ] --END-- [ RunTime:0.000000s ]
NOTIC: [2] Missing argument 1 for login(), called in D:\jingxishop\www.shop.com\Application\Home\Controller\IndexController.class.php on line 8 and defined D:\jingxishop\www.shop.com\Application\Home\Common\function.php 第 9 行.
NOTIC: [8] Undefined variable: user_info D:\jingxishop\www.shop.com\Application\Home\Common\function.php 第 10 行.
SQL: SHOW COLUMNS FROM `goods_category` [ RunTime:0.0156s ]
SQL: SELECT `id`,`name`,`parent_id` FROM `goods_category` WHERE `status` = 1  [ RunTime:0.0000s ]
SQL: SHOW COLUMNS FROM `article_category` [ RunTime:0.0156s ]
SQL: SELECT `id`,`name` FROM `article_category` WHERE `status` = 1  [ RunTime:0.0000s ]
SQL: SHOW COLUMNS FROM `article` [ RunTime:0.0156s ]
SQL: SELECT `id`,`id`,`name` FROM `article` WHERE (  `status` = 1 ) AND (  `article_category_id` = 1 ) LIMIT 6   [ RunTime:0.0000s ]
SQL: SELECT `id`,`id`,`name` FROM `article` WHERE (  `status` = 1 ) AND (  `article_category_id` = 3 ) LIMIT 6   [ RunTime:0.0000s ]
SQL: SELECT `id`,`id`,`name` FROM `article` WHERE (  `status` = 1 ) AND (  `article_category_id` = 4 ) LIMIT 6   [ RunTime:0.0000s ]
SQL: SELECT `id`,`id`,`name` FROM `article` WHERE (  `status` = 1 ) AND (  `article_category_id` = 5 ) LIMIT 6   [ RunTime:0.0000s ]
SQL: SELECT `id`,`id`,`name` FROM `article` WHERE (  `status` = 1 ) AND (  `article_category_id` = 6 ) LIMIT 6   [ RunTime:0.0000s ]
SQL: SELECT `id`,`id`,`name` FROM `article` WHERE (  `status` = 1 ) AND (  `article_category_id` = 7 ) LIMIT 6   [ RunTime:0.0000s ]
SQL: SELECT `id`,`id`,`name` FROM `article` WHERE (  `status` = 1 ) AND (  `article_category_id` = 8 ) LIMIT 6   [ RunTime:0.0000s ]
SQL: SHOW COLUMNS FROM `goods` [ RunTime:0.0000s ]
SQL: SELECT * FROM `goods` WHERE `status` = 1 AND `is_on_sale` = 1 AND (   goods_status &4 )  [ RunTime:0.0000s ]
SQL: SELECT * FROM `goods` WHERE `status` = 1 AND `is_on_sale` = 1 AND (   goods_status &2 )  [ RunTime:0.0000s ]
SQL: SELECT * FROM `goods` WHERE `status` = 1 AND `is_on_sale` = 1 AND (   goods_status &1 )  [ RunTime:0.0000s ]
INFO: [ view_parse ] --START--
INFO: [ template_filter ] --START--
INFO: Run Behavior\ContentReplaceBehavior [ RunTime:0.000000s ]
INFO: [ template_filter ] --END-- [ RunTime:0.000000s ]
INFO: Run Behavior\ParseTemplateBehavior [ RunTime:0.046875s ]
INFO: [ view_parse ] --END-- [ RunTime:0.046875s ]
INFO: [ view_filter ] --START--
INFO: Run Behavior\WriteHtmlCacheBehavior [ RunTime:0.000000s ]
INFO: [ view_filter ] --END-- [ RunTime:0.015625s ]
INFO: [ app_end ] --START--
INFO: Run Behavior\ShowPageTraceBehavior [ RunTime:0.000000s ]
INFO: [ app_end ] --END-- [ RunTime:0.000000s ]

[ 2016-05-26T19:10:14+08:00 ] 127.0.0.1 /index.php/Member/getUserInfo.html
INFO: [ app_init ] --START--
INFO: Run Behavior\BuildLiteBehavior [ RunTime:0.000000s ]
INFO: [ app_init ] --END-- [ RunTime:0.000000s ]
INFO: [ app_begin ] --START--
INFO: Run Behavior\ReadHtmlCacheBehavior [ RunTime:0.000000s ]
INFO: [ app_begin ] --END-- [ RunTime:0.000000s ]
SQL: SHOW COLUMNS FROM `member` [ RunTime:0.0156s ]
NOTIC: [2] Missing argument 1 for login(), called in D:\jingxishop\www.shop.com\Application\Home\Controller\MemberController.class.php on line 110 and defined D:\jingxishop\www.shop.com\Application\Home\Common\function.php 第 9 行.
NOTIC: [8] Undefined variable: user_info D:\jingxishop\www.shop.com\Application\Home\Common\function.php 第 10 行.

[ 2016-05-26T19:11:39+08:00 ] 127.0.0.1 /index.php/Index/index.html
INFO: [ app_init ] --START--
INFO: Run Behavior\BuildLiteBehavior [ RunTime:0.000000s ]
INFO: [ app_init ] --END-- [ RunTime:0.000000s ]
INFO: [ app_begin ] --START--
INFO: Run Behavior\ReadHtmlCacheBehavior [ RunTime:0.000000s ]
INFO: [ app_begin ] --END-- [ RunTime:0.000000s ]
NOTIC: [2] Missing argument 1 for login(), called in D:\jingxishop\www.shop.com\Application\Home\Controller\IndexController.class.php on line 8 and defined D:\jingxishop\www.shop.com\Application\Home\Common\function.php 第 9 行.
NOTIC: [8] Undefined variable: user_info D:\jingxishop\www.shop.com\Application\Home\Common\function.php 第 10 行.
SQL: SHOW COLUMNS FROM `goods` [ RunTime:0.0156s ]
SQL: SELECT * FROM `goods` WHERE `status` = 1 AND `is_on_sale` = 1 AND (   goods_status &4 )  [ RunTime:0.0000s ]
SQL: SELECT * FROM `goods` WHERE `status` = 1 AND `is_on_sale` = 1 AND (   goods_status &2 )  [ RunTime:0.0000s ]
SQL: SELECT * FROM `goods` WHERE `status` = 1 AND `is_on_sale` = 1 AND (   goods_status &1 )  [ RunTime:0.0000s ]
INFO: [ view_parse ] --START--
INFO: [ template_filter ] --START--
INFO: Run Behavior\ContentReplaceBehavior [ RunTime:0.000000s ]
INFO: [ template_filter ] --END-- [ RunTime:0.000000s ]
INFO: Run Behavior\ParseTemplateBehavior [ RunTime:0.062500s ]
INFO: [ view_parse ] --END-- [ RunTime:0.062500s ]
INFO: [ view_filter ] --START--
INFO: Run Behavior\WriteHtmlCacheBehavior [ RunTime:0.000000s ]
INFO: [ view_filter ] --END-- [ RunTime:0.000000s ]
INFO: [ app_end ] --START--
INFO: Run Behavior\ShowPageTraceBehavior [ RunTime:0.015625s ]
INFO: [ app_end ] --END-- [ RunTime:0.015625s ]

[ 2016-05-26T19:11:40+08:00 ] 127.0.0.1 /index.php/Member/getUserInfo.html
INFO: [ app_init ] --START--
INFO: Run Behavior\BuildLiteBehavior [ RunTime:0.000000s ]
INFO: [ app_init ] --END-- [ RunTime:0.000000s ]
INFO: [ app_begin ] --START--
INFO: Run Behavior\ReadHtmlCacheBehavior [ RunTime:0.031250s ]
INFO: [ app_begin ] --END-- [ RunTime:0.031250s ]
SQL: SHOW COLUMNS FROM `member` [ RunTime:0.0156s ]
NOTIC: [2] Missing argument 1 for login(), called in D:\jingxishop\www.shop.com\Application\Home\Controller\MemberController.class.php on line 110 and defined D:\jingxishop\www.shop.com\Application\Home\Common\function.php 第 9 行.
NOTIC: [8] Undefined variable: user_info D:\jingxishop\www.shop.com\Application\Home\Common\function.php 第 10 行.

[ 2016-05-26T19:23:24+08:00 ] 127.0.0.1 /index.php/Order/index.html
INFO: [ app_init ] --START--
INFO: Run Behavior\BuildLiteBehavior [ RunTime:0.000000s ]
INFO: [ app_init ] --END-- [ RunTime:0.000000s ]
INFO: [ app_begin ] --START--
INFO: Run Behavior\ReadHtmlCacheBehavior [ RunTime:0.000000s ]
INFO: [ app_begin ] --END-- [ RunTime:0.000000s ]
SQL: SHOW COLUMNS FROM `order_info` [ RunTime:0.0156s ]
NOTIC: [2] Missing argument 1 for login(), called in D:\jingxishop\www.shop.com\Application\Home\Controller\OrderController.class.php on line 29 and defined D:\jingxishop\www.shop.com\Application\Home\Common\function.php 第 9 行.
NOTIC: [8] Undefined variable: user_info D:\jingxishop\www.shop.com\Application\Home\Common\function.php 第 10 行.
NOTIC: [2] Missing argument 1 for login(), called in D:\jingxishop\www.shop.com\Application\Home\Model\OrderInfoModel.class.php on line 24 and defined D:\jingxishop\www.shop.com\Application\Home\Common\function.php 第 9 行.
NOTIC: [8] Undefined variable: user_info D:\jingxishop\www.shop.com\Application\Home\Common\function.php 第 10 行.
INFO: [ view_parse ] --START--
INFO: [ template_filter ] --START--
INFO: Run Behavior\ContentReplaceBehavior [ RunTime:0.015625s ]
INFO: [ template_filter ] --END-- [ RunTime:0.015625s ]
NOTIC: [8] Undefined variable: is_show_cat D:\jingxishop\www.shop.com\Application\Runtime\Cache\Home\0f407639b8942c464b3d53191e5575ec.php 第 134 行.
NOTIC: [8] Undefined variable: is_show_cat D:\jingxishop\www.shop.com\Application\Runtime\Cache\Home\0f407639b8942c464b3d53191e5575ec.php 第 135 行.
NOTIC: [8] Undefined variable: is_show_cat D:\jingxishop\www.shop.com\Application\Runtime\Cache\Home\0f407639b8942c464b3d53191e5575ec.php 第 140 行.
NOTIC: [8] Undefined variable: goods_categories D:\jingxishop\www.shop.com\Application\Runtime\Cache\Home\0f407639b8942c464b3d53191e5575ec.php 第 141 行.
NOTIC: [8] Undefined variable: article_categories D:\jingxishop\www.shop.com\Application\Runtime\Cache\Home\0f407639b8942c464b3d53191e5575ec.php 第 274 行.
INFO: Run Behavior\ParseTemplateBehavior [ RunTime:0.046875s ]
INFO: [ view_parse ] --END-- [ RunTime:0.046875s ]
INFO: [ view_filter ] --START--
INFO: Run Behavior\WriteHtmlCacheBehavior [ RunTime:0.000000s ]
INFO: [ view_filter ] --END-- [ RunTime:0.000000s ]
INFO: [ app_end ] --START--
INFO: Run Behavior\ShowPageTraceBehavior [ RunTime:0.015625s ]
INFO: [ app_end ] --END-- [ RunTime:0.015625s ]

[ 2016-05-26T19:23:25+08:00 ] 127.0.0.1 /index.php/Member/getUserInfo.html
INFO: [ app_init ] --START--
INFO: Run Behavior\BuildLiteBehavior [ RunTime:0.000000s ]
INFO: [ app_init ] --END-- [ RunTime:0.000000s ]
INFO: [ app_begin ] --START--
INFO: Run Behavior\ReadHtmlCacheBehavior [ RunTime:0.015625s ]
INFO: [ app_begin ] --END-- [ RunTime:0.015625s ]
SQL: SHOW COLUMNS FROM `member` [ RunTime:0.0000s ]
NOTIC: [2] Missing argument 1 for login(), called in D:\jingxishop\www.shop.com\Application\Home\Controller\MemberController.class.php on line 110 and defined D:\jingxishop\www.shop.com\Application\Home\Common\function.php 第 9 行.
NOTIC: [8] Undefined variable: user_info D:\jingxishop\www.shop.com\Application\Home\Common\function.php 第 10 行.

[ 2016-05-26T19:24:57+08:00 ] 127.0.0.1 /index.php/Order/index.html
INFO: [ app_init ] --START--
INFO: Run Behavior\BuildLiteBehavior [ RunTime:0.000000s ]
INFO: [ app_init ] --END-- [ RunTime:0.000000s ]
INFO: [ app_begin ] --START--
INFO: Run Behavior\ReadHtmlCacheBehavior [ RunTime:0.000000s ]
INFO: [ app_begin ] --END-- [ RunTime:0.000000s ]
SQL: SHOW COLUMNS FROM `order_info` [ RunTime:0.0156s ]
NOTIC: [2] Missing argument 1 for login(), called in D:\jingxishop\www.shop.com\Application\Home\Controller\OrderController.class.php on line 29 and defined D:\jingxishop\www.shop.com\Application\Home\Common\function.php 第 9 行.
NOTIC: [8] Undefined variable: user_info D:\jingxishop\www.shop.com\Application\Home\Common\function.php 第 10 行.
NOTIC: [2] Missing argument 1 for login(), called in D:\jingxishop\www.shop.com\Application\Home\Model\OrderInfoModel.class.php on line 24 and defined D:\jingxishop\www.shop.com\Application\Home\Common\function.php 第 9 行.
NOTIC: [8] Undefined variable: user_info D:\jingxishop\www.shop.com\Application\Home\Common\function.php 第 10 行.
SQL: SELECT * FROM `order_info` WHERE `member_id` = 1  [ RunTime:0.0000s ]
INFO: [ view_parse ] --START--
INFO: [ template_filter ] --START--
INFO: Run Behavior\ContentReplaceBehavior [ RunTime:0.000000s ]
INFO: [ template_filter ] --END-- [ RunTime:0.000000s ]
NOTIC: [8] Undefined variable: is_show_cat D:\jingxishop\www.shop.com\Application\Runtime\Cache\Home\0f407639b8942c464b3d53191e5575ec.php 第 134 行.
NOTIC: [8] Undefined variable: is_show_cat D:\jingxishop\www.shop.com\Application\Runtime\Cache\Home\0f407639b8942c464b3d53191e5575ec.php 第 135 行.
NOTIC: [8] Undefined variable: is_show_cat D:\jingxishop\www.shop.com\Application\Runtime\Cache\Home\0f407639b8942c464b3d53191e5575ec.php 第 140 行.
NOTIC: [8] Undefined variable: goods_categories D:\jingxishop\www.shop.com\Application\Runtime\Cache\Home\0f407639b8942c464b3d53191e5575ec.php 第 141 行.
NOTIC: [8] Undefined index: goods_list D:\jingxishop\www.shop.com\Application\Runtime\Cache\Home\0f407639b8942c464b3d53191e5575ec.php 第 248 行.
NOTIC: [8] Undefined variable: statuses D:\jingxishop\www.shop.com\Application\Runtime\Cache\Home\0f407639b8942c464b3d53191e5575ec.php 第 253 行.
NOTIC: [8] Undefined index: goods_list D:\jingxishop\www.shop.com\Application\Runtime\Cache\Home\0f407639b8942c464b3d53191e5575ec.php 第 248 行.
NOTIC: [8] Undefined variable: statuses D:\jingxishop\www.shop.com\Application\Runtime\Cache\Home\0f407639b8942c464b3d53191e5575ec.php 第 253 行.
NOTIC: [8] Undefined variable: article_categories D:\jingxishop\www.shop.com\Application\Runtime\Cache\Home\0f407639b8942c464b3d53191e5575ec.php 第 274 行.
INFO: Run Behavior\ParseTemplateBehavior [ RunTime:0.046875s ]
INFO: [ view_parse ] --END-- [ RunTime:0.046875s ]
INFO: [ view_filter ] --START--
INFO: Run Behavior\WriteHtmlCacheBehavior [ RunTime:0.000000s ]
INFO: [ view_filter ] --END-- [ RunTime:0.000000s ]
INFO: [ app_end ] --START--
INFO: Run Behavior\ShowPageTraceBehavior [ RunTime:0.000000s ]
INFO: [ app_end ] --END-- [ RunTime:0.000000s ]

[ 2016-05-26T19:24:58+08:00 ] 127.0.0.1 /index.php/Member/getUserInfo.html
INFO: [ app_init ] --START--
INFO: Run Behavior\BuildLiteBehavior [ RunTime:0.000000s ]
INFO: [ app_init ] --END-- [ RunTime:0.000000s ]
INFO: [ app_begin ] --START--
INFO: Run Behavior\ReadHtmlCacheBehavior [ RunTime:0.000000s ]
INFO: [ app_begin ] --END-- [ RunTime:0.000000s ]
SQL: SHOW COLUMNS FROM `member` [ RunTime:0.0000s ]
NOTIC: [2] Missing argument 1 for login(), called in D:\jingxishop\www.shop.com\Application\Home\Controller\MemberController.class.php on line 110 and defined D:\jingxishop\www.shop.com\Application\Home\Common\function.php 第 9 行.
NOTIC: [8] Undefined variable: user_info D:\jingxishop\www.shop.com\Application\Home\Common\function.php 第 10 行.

