[ 2016-05-28T14:13:38+08:00 ] 127.0.0.1 /
INFO: [ app_init ] --START--
INFO: Run Behavior\BuildLiteBehavior [ RunTime:0.000000s ]
INFO: [ app_init ] --END-- [ RunTime:0.046875s ]
INFO: [ app_begin ] --START--
INFO: Run Behavior\ReadHtmlCacheBehavior [ RunTime:0.000000s ]
INFO: [ app_begin ] --END-- [ RunTime:0.000000s ]
NOTIC: [2] Missing argument 1 for login(), called in D:\jingxishop\www.shop.com\Application\Home\Controller\IndexController.class.php on line 8 and defined D:\jingxishop\www.shop.com\Application\Home\Common\function.php 第 9 行.
NOTIC: [8] Undefined variable: user_info D:\jingxishop\www.shop.com\Application\Home\Common\function.php 第 10 行.
SQL: SHOW COLUMNS FROM `goods_category` [ RunTime:0.1250s ]
SQL: SELECT `id`,`name`,`parent_id` FROM `goods_category` WHERE `status` = 1  [ RunTime:0.0313s ]
SQL: SHOW COLUMNS FROM `article_category` [ RunTime:0.0469s ]
SQL: SELECT `id`,`name` FROM `article_category` WHERE `status` = 1  [ RunTime:0.0000s ]
SQL: SHOW COLUMNS FROM `article` [ RunTime:0.0625s ]
SQL: SELECT `id`,`id`,`name` FROM `article` WHERE (  `status` = 1 ) AND (  `article_category_id` = 1 ) LIMIT 6   [ RunTime:0.0313s ]
SQL: SELECT `id`,`id`,`name` FROM `article` WHERE (  `status` = 1 ) AND (  `article_category_id` = 3 ) LIMIT 6   [ RunTime:0.0156s ]
SQL: SELECT `id`,`id`,`name` FROM `article` WHERE (  `status` = 1 ) AND (  `article_category_id` = 4 ) LIMIT 6   [ RunTime:0.0000s ]
SQL: SELECT `id`,`id`,`name` FROM `article` WHERE (  `status` = 1 ) AND (  `article_category_id` = 5 ) LIMIT 6   [ RunTime:0.0000s ]
SQL: SELECT `id`,`id`,`name` FROM `article` WHERE (  `status` = 1 ) AND (  `article_category_id` = 6 ) LIMIT 6   [ RunTime:0.0000s ]
SQL: SELECT `id`,`id`,`name` FROM `article` WHERE (  `status` = 1 ) AND (  `article_category_id` = 7 ) LIMIT 6   [ RunTime:0.0000s ]
SQL: SELECT `id`,`id`,`name` FROM `article` WHERE (  `status` = 1 ) AND (  `article_category_id` = 8 ) LIMIT 6   [ RunTime:0.0000s ]
SQL: SHOW COLUMNS FROM `goods` [ RunTime:0.0781s ]
SQL: SELECT * FROM `goods` WHERE `status` = 1 AND `is_on_sale` = 1 AND (   goods_status &4 )  [ RunTime:0.0156s ]
SQL: SELECT * FROM `goods` WHERE `status` = 1 AND `is_on_sale` = 1 AND (   goods_status &2 )  [ RunTime:0.0000s ]
SQL: SELECT * FROM `goods` WHERE `status` = 1 AND `is_on_sale` = 1 AND (   goods_status &1 )  [ RunTime:0.0000s ]
INFO: [ view_parse ] --START--
INFO: [ template_filter ] --START--
INFO: Run Behavior\ContentReplaceBehavior [ RunTime:0.000000s ]
INFO: [ template_filter ] --END-- [ RunTime:0.000000s ]
INFO: Run Behavior\ParseTemplateBehavior [ RunTime:0.203125s ]
INFO: [ view_parse ] --END-- [ RunTime:0.203125s ]
INFO: [ view_filter ] --START--
INFO: Run Behavior\WriteHtmlCacheBehavior [ RunTime:0.031250s ]
INFO: [ view_filter ] --END-- [ RunTime:0.031250s ]
INFO: [ app_end ] --START--
INFO: Run Behavior\ShowPageTraceBehavior [ RunTime:0.000000s ]
INFO: [ app_end ] --END-- [ RunTime:0.000000s ]

[ 2016-05-28T14:13:42+08:00 ] 127.0.0.1 /index.php/Member/getUserInfo.html
INFO: [ app_init ] --START--
INFO: Run Behavior\BuildLiteBehavior [ RunTime:0.000000s ]
INFO: [ app_init ] --END-- [ RunTime:0.000000s ]
INFO: [ app_begin ] --START--
INFO: Run Behavior\ReadHtmlCacheBehavior [ RunTime:0.000000s ]
INFO: [ app_begin ] --END-- [ RunTime:0.000000s ]
SQL: SHOW COLUMNS FROM `member` [ RunTime:0.2031s ]
NOTIC: [2] Missing argument 1 for login(), called in D:\jingxishop\www.shop.com\Application\Home\Controller\MemberController.class.php on line 110 and defined D:\jingxishop\www.shop.com\Application\Home\Common\function.php 第 9 行.
NOTIC: [8] Undefined variable: user_info D:\jingxishop\www.shop.com\Application\Home\Common\function.php 第 10 行.

[ 2016-05-28T14:13:42+08:00 ] 127.0.0.1 /favicon.ico
INFO: [ app_init ] --START--
INFO: Run Behavior\BuildLiteBehavior [ RunTime:0.000000s ]
INFO: [ app_init ] --END-- [ RunTime:0.000000s ]

[ 2016-05-28T14:13:51+08:00 ] 127.0.0.1 /index.php/Order/index.html
INFO: [ app_init ] --START--
INFO: Run Behavior\BuildLiteBehavior [ RunTime:0.000000s ]
INFO: [ app_init ] --END-- [ RunTime:0.000000s ]
INFO: [ app_begin ] --START--
INFO: Run Behavior\ReadHtmlCacheBehavior [ RunTime:0.000000s ]
INFO: [ app_begin ] --END-- [ RunTime:0.000000s ]
SQL: SHOW COLUMNS FROM `order_info` [ RunTime:0.0781s ]
NOTIC: [2] Missing argument 1 for login(), called in D:\jingxishop\www.shop.com\Application\Home\Controller\OrderController.class.php on line 29 and defined D:\jingxishop\www.shop.com\Application\Home\Common\function.php 第 9 行.
NOTIC: [8] Undefined variable: user_info D:\jingxishop\www.shop.com\Application\Home\Common\function.php 第 10 行.

[ 2016-05-28T14:13:51+08:00 ] 127.0.0.1 /index.php/Member/login.html
INFO: [ app_init ] --START--
INFO: Run Behavior\BuildLiteBehavior [ RunTime:0.000000s ]
INFO: [ app_init ] --END-- [ RunTime:0.000000s ]
INFO: [ app_begin ] --START--
INFO: Run Behavior\ReadHtmlCacheBehavior [ RunTime:0.000000s ]
INFO: [ app_begin ] --END-- [ RunTime:0.000000s ]
SQL: SHOW COLUMNS FROM `member` [ RunTime:0.0156s ]
INFO: [ view_parse ] --START--
INFO: [ template_filter ] --START--
INFO: Run Behavior\ContentReplaceBehavior [ RunTime:0.015625s ]
INFO: [ template_filter ] --END-- [ RunTime:0.015625s ]
INFO: Run Behavior\ParseTemplateBehavior [ RunTime:0.062500s ]
INFO: [ view_parse ] --END-- [ RunTime:0.062500s ]
INFO: [ view_filter ] --START--
INFO: Run Behavior\WriteHtmlCacheBehavior [ RunTime:0.000000s ]
INFO: [ view_filter ] --END-- [ RunTime:0.000000s ]
INFO: [ app_end ] --START--
INFO: Run Behavior\ShowPageTraceBehavior [ RunTime:0.000000s ]
INFO: [ app_end ] --END-- [ RunTime:0.000000s ]

[ 2016-05-28T14:13:52+08:00 ] 127.0.0.1 /index.php/Captcha/captcha/nocache/1464416031.html
INFO: [ app_init ] --START--
INFO: Run Behavior\BuildLiteBehavior [ RunTime:0.000000s ]
INFO: [ app_init ] --END-- [ RunTime:0.000000s ]
INFO: [ app_begin ] --START--
INFO: Run Behavior\ReadHtmlCacheBehavior [ RunTime:0.000000s ]
INFO: [ app_begin ] --END-- [ RunTime:0.000000s ]

[ 2016-05-28T14:13:52+08:00 ] 127.0.0.1 /index.php/Member/getUserInfo.html
INFO: [ app_init ] --START--
INFO: Run Behavior\BuildLiteBehavior [ RunTime:0.000000s ]
INFO: [ app_init ] --END-- [ RunTime:0.015625s ]
INFO: [ app_begin ] --START--
INFO: Run Behavior\ReadHtmlCacheBehavior [ RunTime:0.000000s ]
INFO: [ app_begin ] --END-- [ RunTime:0.000000s ]
SQL: SHOW COLUMNS FROM `member` [ RunTime:0.0000s ]
NOTIC: [2] Missing argument 1 for login(), called in D:\jingxishop\www.shop.com\Application\Home\Controller\MemberController.class.php on line 110 and defined D:\jingxishop\www.shop.com\Application\Home\Common\function.php 第 9 行.
NOTIC: [8] Undefined variable: user_info D:\jingxishop\www.shop.com\Application\Home\Common\function.php 第 10 行.

[ 2016-05-28T14:13:58+08:00 ] 127.0.0.1 /index.php/Member/login.html
INFO: [ app_init ] --START--
INFO: Run Behavior\BuildLiteBehavior [ RunTime:0.000000s ]
INFO: [ app_init ] --END-- [ RunTime:0.015625s ]
INFO: [ app_begin ] --START--
INFO: Run Behavior\ReadHtmlCacheBehavior [ RunTime:0.000000s ]
INFO: [ app_begin ] --END-- [ RunTime:0.000000s ]
SQL: SHOW COLUMNS FROM `member` [ RunTime:0.0156s ]
NOTIC: [8] Undefined index: validate D:\jingxishop\ThinkPHP\Library\Think\Model.class.php 第 1185 行.
NOTIC: [8] Undefined index: auto D:\jingxishop\ThinkPHP\Library\Think\Model.class.php 第 1128 行.
SQL: SELECT * FROM `member` WHERE `username` = 'hhh' LIMIT 1   [ RunTime:0.0000s ]
SQL: SHOW COLUMNS FROM `shopping_car` [ RunTime:0.0781s ]
NOTIC: [2] Missing argument 1 for login(), called in D:\jingxishop\www.shop.com\Application\Home\Model\CartModel.class.php on line 141 and defined D:\jingxishop\www.shop.com\Application\Home\Common\function.php 第 9 行.
NOTIC: [8] Undefined variable: user_info D:\jingxishop\www.shop.com\Application\Home\Common\function.php 第 10 行.
SQL: DELETE FROM `shopping_car` WHERE `goods_id` IN (3,5) AND `member_id` = 1 [ RunTime:0.0313s ]
SQL: INSERT INTO `shopping_car` (`member_id`,`amount`,`goods_id`) VALUES ('1','3','3'),('1','3','5') [ RunTime:0.0156s ]
SQL: UPDATE `member` SET `last_login_time`='1464416038',`last_login_ip`='127.0.0.1' WHERE `id` = 1 [ RunTime:0.0000s ]
INFO: [ view_parse ] --START--
INFO: [ template_filter ] --START--
INFO: Run Behavior\ContentReplaceBehavior [ RunTime:0.000000s ]
INFO: [ template_filter ] --END-- [ RunTime:0.000000s ]
INFO: Run Behavior\ParseTemplateBehavior [ RunTime:0.062500s ]
INFO: [ view_parse ] --END-- [ RunTime:0.062500s ]
INFO: [ view_filter ] --START--
INFO: Run Behavior\WriteHtmlCacheBehavior [ RunTime:0.000000s ]
INFO: [ view_filter ] --END-- [ RunTime:0.000000s ]
INFO: [ app_end ] --START--
INFO: Run Behavior\ShowPageTraceBehavior [ RunTime:0.000000s ]
INFO: [ app_end ] --END-- [ RunTime:0.000000s ]

[ 2016-05-28T14:13:59+08:00 ] 127.0.0.1 /index.php/Index/index.html
INFO: [ app_init ] --START--
INFO: Run Behavior\BuildLiteBehavior [ RunTime:0.000000s ]
INFO: [ app_init ] --END-- [ RunTime:0.000000s ]
INFO: [ app_begin ] --START--
INFO: Run Behavior\ReadHtmlCacheBehavior [ RunTime:0.000000s ]
INFO: [ app_begin ] --END-- [ RunTime:0.000000s ]
NOTIC: [2] Missing argument 1 for login(), called in D:\jingxishop\www.shop.com\Application\Home\Controller\IndexController.class.php on line 8 and defined D:\jingxishop\www.shop.com\Application\Home\Common\function.php 第 9 行.
NOTIC: [8] Undefined variable: user_info D:\jingxishop\www.shop.com\Application\Home\Common\function.php 第 10 行.
SQL: SHOW COLUMNS FROM `goods` [ RunTime:0.0156s ]
SQL: SELECT * FROM `goods` WHERE `status` = 1 AND `is_on_sale` = 1 AND (   goods_status &4 )  [ RunTime:0.0000s ]
SQL: SELECT * FROM `goods` WHERE `status` = 1 AND `is_on_sale` = 1 AND (   goods_status &2 )  [ RunTime:0.0000s ]
SQL: SELECT * FROM `goods` WHERE `status` = 1 AND `is_on_sale` = 1 AND (   goods_status &1 )  [ RunTime:0.0000s ]
INFO: [ view_parse ] --START--
INFO: [ template_filter ] --START--
INFO: Run Behavior\ContentReplaceBehavior [ RunTime:0.000000s ]
INFO: [ template_filter ] --END-- [ RunTime:0.000000s ]
INFO: Run Behavior\ParseTemplateBehavior [ RunTime:0.046875s ]
INFO: [ view_parse ] --END-- [ RunTime:0.046875s ]
INFO: [ view_filter ] --START--
INFO: Run Behavior\WriteHtmlCacheBehavior [ RunTime:0.000000s ]
INFO: [ view_filter ] --END-- [ RunTime:0.000000s ]
INFO: [ app_end ] --START--
INFO: Run Behavior\ShowPageTraceBehavior [ RunTime:0.015625s ]
INFO: [ app_end ] --END-- [ RunTime:0.015625s ]

[ 2016-05-28T14:14:00+08:00 ] 127.0.0.1 /index.php/Member/getUserInfo.html
INFO: [ app_init ] --START--
INFO: Run Behavior\BuildLiteBehavior [ RunTime:0.000000s ]
INFO: [ app_init ] --END-- [ RunTime:0.000000s ]
INFO: [ app_begin ] --START--
INFO: Run Behavior\ReadHtmlCacheBehavior [ RunTime:0.000000s ]
INFO: [ app_begin ] --END-- [ RunTime:0.000000s ]
SQL: SHOW COLUMNS FROM `member` [ RunTime:0.0156s ]
NOTIC: [2] Missing argument 1 for login(), called in D:\jingxishop\www.shop.com\Application\Home\Controller\MemberController.class.php on line 110 and defined D:\jingxishop\www.shop.com\Application\Home\Common\function.php 第 9 行.
NOTIC: [8] Undefined variable: user_info D:\jingxishop\www.shop.com\Application\Home\Common\function.php 第 10 行.

[ 2016-05-28T14:14:02+08:00 ] 127.0.0.1 /index.php/Order/index.html
INFO: [ app_init ] --START--
INFO: Run Behavior\BuildLiteBehavior [ RunTime:0.000000s ]
INFO: [ app_init ] --END-- [ RunTime:0.000000s ]
INFO: [ app_begin ] --START--
INFO: Run Behavior\ReadHtmlCacheBehavior [ RunTime:0.000000s ]
INFO: [ app_begin ] --END-- [ RunTime:0.000000s ]
SQL: SHOW COLUMNS FROM `order_info` [ RunTime:0.0156s ]
NOTIC: [2] Missing argument 1 for login(), called in D:\jingxishop\www.shop.com\Application\Home\Controller\OrderController.class.php on line 29 and defined D:\jingxishop\www.shop.com\Application\Home\Common\function.php 第 9 行.
NOTIC: [8] Undefined variable: user_info D:\jingxishop\www.shop.com\Application\Home\Common\function.php 第 10 行.
NOTIC: [2] Missing argument 1 for login(), called in D:\jingxishop\www.shop.com\Application\Home\Model\OrderInfoModel.class.php on line 31 and defined D:\jingxishop\www.shop.com\Application\Home\Common\function.php 第 9 行.
NOTIC: [8] Undefined variable: user_info D:\jingxishop\www.shop.com\Application\Home\Common\function.php 第 10 行.
SQL: SELECT * FROM `order_info` WHERE `member_id` = 1 ORDER BY id DESC  [ RunTime:0.0000s ]
SQL: SHOW COLUMNS FROM `order_info_item` [ RunTime:0.1875s ]
SQL: SELECT `goods_id`,`goods_name`,`logo` FROM `order_info_item` WHERE `order_info_id` = 13  [ RunTime:0.0000s ]
SQL: SELECT `goods_id`,`goods_name`,`logo` FROM `order_info_item` WHERE `order_info_id` = 12  [ RunTime:0.0000s ]
SQL: SELECT `goods_id`,`goods_name`,`logo` FROM `order_info_item` WHERE `order_info_id` = 5  [ RunTime:0.0000s ]
SQL: SELECT `goods_id`,`goods_name`,`logo` FROM `order_info_item` WHERE `order_info_id` = 4  [ RunTime:0.0000s ]
SQL: SHOW COLUMNS FROM `goods_category` [ RunTime:0.0156s ]
SQL: SELECT * FROM `goods_category` WHERE `status` = 1  [ RunTime:0.0000s ]
INFO: [ view_parse ] --START--
INFO: [ template_filter ] --START--
INFO: Run Behavior\ContentReplaceBehavior [ RunTime:0.000000s ]
INFO: [ template_filter ] --END-- [ RunTime:0.000000s ]
INFO: Run Behavior\ParseTemplateBehavior [ RunTime:0.109375s ]
INFO: [ view_parse ] --END-- [ RunTime:0.109375s ]
INFO: [ view_filter ] --START--
INFO: Run Behavior\WriteHtmlCacheBehavior [ RunTime:0.000000s ]
INFO: [ view_filter ] --END-- [ RunTime:0.000000s ]
INFO: [ app_end ] --START--
INFO: Run Behavior\ShowPageTraceBehavior [ RunTime:0.015625s ]
INFO: [ app_end ] --END-- [ RunTime:0.015625s ]

[ 2016-05-28T14:14:03+08:00 ] 127.0.0.1 /index.php/Member/getUserInfo.html
INFO: [ app_init ] --START--
INFO: Run Behavior\BuildLiteBehavior [ RunTime:0.000000s ]
INFO: [ app_init ] --END-- [ RunTime:0.000000s ]
INFO: [ app_begin ] --START--
INFO: Run Behavior\ReadHtmlCacheBehavior [ RunTime:0.000000s ]
INFO: [ app_begin ] --END-- [ RunTime:0.000000s ]
SQL: SHOW COLUMNS FROM `member` [ RunTime:0.0156s ]
NOTIC: [2] Missing argument 1 for login(), called in D:\jingxishop\www.shop.com\Application\Home\Controller\MemberController.class.php on line 110 and defined D:\jingxishop\www.shop.com\Application\Home\Common\function.php 第 9 行.
NOTIC: [8] Undefined variable: user_info D:\jingxishop\www.shop.com\Application\Home\Common\function.php 第 10 行.

[ 2016-05-28T15:19:13+08:00 ] 127.0.0.1 /index.php/Order/index.html
INFO: [ app_init ] --START--
INFO: Run Behavior\BuildLiteBehavior [ RunTime:0.000000s ]
INFO: [ app_init ] --END-- [ RunTime:0.031250s ]
INFO: [ app_begin ] --START--
INFO: Run Behavior\ReadHtmlCacheBehavior [ RunTime:0.015625s ]
INFO: [ app_begin ] --END-- [ RunTime:0.015625s ]
SQL: SHOW COLUMNS FROM `order_info` [ RunTime:0.0156s ]
NOTIC: [2] Missing argument 1 for login(), called in D:\jingxishop\www.shop.com\Application\Home\Controller\OrderController.class.php on line 29 and defined D:\jingxishop\www.shop.com\Application\Home\Common\function.php 第 9 行.
NOTIC: [8] Undefined variable: user_info D:\jingxishop\www.shop.com\Application\Home\Common\function.php 第 10 行.
NOTIC: [2] Missing argument 1 for login(), called in D:\jingxishop\www.shop.com\Application\Home\Model\OrderInfoModel.class.php on line 31 and defined D:\jingxishop\www.shop.com\Application\Home\Common\function.php 第 9 行.
NOTIC: [8] Undefined variable: user_info D:\jingxishop\www.shop.com\Application\Home\Common\function.php 第 10 行.
SQL: SELECT * FROM `order_info` WHERE `member_id` = 1 ORDER BY id DESC  [ RunTime:0.0000s ]
SQL: SHOW COLUMNS FROM `order_info_item` [ RunTime:0.0156s ]
SQL: SELECT `goods_id`,`goods_name`,`logo` FROM `order_info_item` WHERE `order_info_id` = 13  [ RunTime:0.0000s ]
SQL: SELECT `goods_id`,`goods_name`,`logo` FROM `order_info_item` WHERE `order_info_id` = 12  [ RunTime:0.0000s ]
SQL: SELECT `goods_id`,`goods_name`,`logo` FROM `order_info_item` WHERE `order_info_id` = 5  [ RunTime:0.0000s ]
SQL: SELECT `goods_id`,`goods_name`,`logo` FROM `order_info_item` WHERE `order_info_id` = 4  [ RunTime:0.0000s ]
SQL: SHOW COLUMNS FROM `goods_category` [ RunTime:0.0313s ]
SQL: SELECT * FROM `goods_category` WHERE `status` = 1  [ RunTime:0.0156s ]
SQL: SHOW COLUMNS FROM `article_category` [ RunTime:0.0313s ]
SQL: SELECT `id`,`name` FROM `article_category` WHERE `is_help` = 1 AND `status` = 1  [ RunTime:0.0000s ]
SQL: SHOW COLUMNS FROM `article` [ RunTime:0.0156s ]
SQL: SELECT `id`,`id`,`name` FROM `article` WHERE `article_category_id` = 1 LIMIT 6   [ RunTime:0.0000s ]
SQL: SELECT `id`,`id`,`name` FROM `article` WHERE `article_category_id` = 3 LIMIT 6   [ RunTime:0.0000s ]
SQL: SELECT `id`,`id`,`name` FROM `article` WHERE `article_category_id` = 4 LIMIT 6   [ RunTime:0.0000s ]
SQL: SELECT `id`,`id`,`name` FROM `article` WHERE `article_category_id` = 5 LIMIT 6   [ RunTime:0.0000s ]
SQL: SELECT `id`,`id`,`name` FROM `article` WHERE `article_category_id` = 6 LIMIT 6   [ RunTime:0.0000s ]
SQL: SELECT `id`,`id`,`name` FROM `article` WHERE `article_category_id` = 7 LIMIT 6   [ RunTime:0.0000s ]
SQL: SELECT `id`,`id`,`name` FROM `article` WHERE `article_category_id` = 8 LIMIT 6   [ RunTime:0.0000s ]
INFO: [ view_parse ] --START--
INFO: [ template_filter ] --START--
INFO: Run Behavior\ContentReplaceBehavior [ RunTime:0.000000s ]
INFO: [ template_filter ] --END-- [ RunTime:0.000000s ]
INFO: Run Behavior\ParseTemplateBehavior [ RunTime:0.140625s ]
INFO: [ view_parse ] --END-- [ RunTime:0.140625s ]
INFO: [ view_filter ] --START--
INFO: Run Behavior\WriteHtmlCacheBehavior [ RunTime:0.046875s ]
INFO: [ view_filter ] --END-- [ RunTime:0.046875s ]
INFO: [ app_end ] --START--
INFO: Run Behavior\ShowPageTraceBehavior [ RunTime:0.000000s ]
INFO: [ app_end ] --END-- [ RunTime:0.000000s ]

[ 2016-05-28T15:19:18+08:00 ] 127.0.0.1 /index.php/Member/getUserInfo.html
INFO: [ app_init ] --START--
INFO: Run Behavior\BuildLiteBehavior [ RunTime:0.000000s ]
INFO: [ app_init ] --END-- [ RunTime:0.000000s ]
INFO: [ app_begin ] --START--
INFO: Run Behavior\ReadHtmlCacheBehavior [ RunTime:0.000000s ]
INFO: [ app_begin ] --END-- [ RunTime:0.000000s ]
SQL: SHOW COLUMNS FROM `member` [ RunTime:0.0156s ]
NOTIC: [2] Missing argument 1 for login(), called in D:\jingxishop\www.shop.com\Application\Home\Controller\MemberController.class.php on line 110 and defined D:\jingxishop\www.shop.com\Application\Home\Common\function.php 第 9 行.
NOTIC: [8] Undefined variable: user_info D:\jingxishop\www.shop.com\Application\Home\Common\function.php 第 10 行.

[ 2016-05-28T15:19:27+08:00 ] 127.0.0.1 /index.php/Test/download.html
INFO: [ app_init ] --START--
INFO: Run Behavior\BuildLiteBehavior [ RunTime:0.000000s ]
INFO: [ app_init ] --END-- [ RunTime:0.000000s ]
INFO: [ app_begin ] --START--
INFO: Run Behavior\ReadHtmlCacheBehavior [ RunTime:0.000000s ]
INFO: [ app_begin ] --END-- [ RunTime:0.000000s ]
INFO: [ app_end ] --START--
INFO: Run Behavior\ShowPageTraceBehavior [ RunTime:0.000000s ]
INFO: [ app_end ] --END-- [ RunTime:0.000000s ]

[ 2016-05-28T16:21:50+08:00 ] 127.0.0.1 /index.php/Order/index.html
INFO: [ app_init ] --START--
INFO: Run Behavior\BuildLiteBehavior [ RunTime:0.000000s ]
INFO: [ app_init ] --END-- [ RunTime:0.015625s ]
INFO: [ app_begin ] --START--
INFO: Run Behavior\ReadHtmlCacheBehavior [ RunTime:0.000000s ]
INFO: [ app_begin ] --END-- [ RunTime:0.000000s ]
SQL: SHOW COLUMNS FROM `order_info` [ RunTime:0.0156s ]
NOTIC: [2] Missing argument 1 for login(), called in D:\jingxishop\www.shop.com\Application\Home\Controller\OrderController.class.php on line 29 and defined D:\jingxishop\www.shop.com\Application\Home\Common\function.php 第 9 行.
NOTIC: [8] Undefined variable: user_info D:\jingxishop\www.shop.com\Application\Home\Common\function.php 第 10 行.
NOTIC: [2] Missing argument 1 for login(), called in D:\jingxishop\www.shop.com\Application\Home\Model\OrderInfoModel.class.php on line 31 and defined D:\jingxishop\www.shop.com\Application\Home\Common\function.php 第 9 行.
NOTIC: [8] Undefined variable: user_info D:\jingxishop\www.shop.com\Application\Home\Common\function.php 第 10 行.
SQL: SELECT * FROM `order_info` WHERE `member_id` = 1 ORDER BY id DESC  [ RunTime:0.0000s ]
SQL: SHOW COLUMNS FROM `order_info_item` [ RunTime:0.0000s ]
SQL: SELECT `goods_id`,`goods_name`,`logo` FROM `order_info_item` WHERE `order_info_id` = 13  [ RunTime:0.0000s ]
SQL: SELECT `goods_id`,`goods_name`,`logo` FROM `order_info_item` WHERE `order_info_id` = 12  [ RunTime:0.0000s ]
SQL: SELECT `goods_id`,`goods_name`,`logo` FROM `order_info_item` WHERE `order_info_id` = 5  [ RunTime:0.0000s ]
SQL: SELECT `goods_id`,`goods_name`,`logo` FROM `order_info_item` WHERE `order_info_id` = 4  [ RunTime:0.0000s ]
SQL: SHOW COLUMNS FROM `goods_category` [ RunTime:0.0156s ]
SQL: SELECT * FROM `goods_category` WHERE `status` = 1  [ RunTime:0.0000s ]
SQL: SHOW COLUMNS FROM `article_category` [ RunTime:0.0156s ]
SQL: SELECT `id`,`name` FROM `article_category` WHERE `is_help` = 1 AND `status` = 1  [ RunTime:0.0000s ]
SQL: SHOW COLUMNS FROM `article` [ RunTime:0.0156s ]
SQL: SELECT `id`,`id`,`name` FROM `article` WHERE `article_category_id` = 1 LIMIT 6   [ RunTime:0.0000s ]
SQL: SELECT `id`,`id`,`name` FROM `article` WHERE `article_category_id` = 3 LIMIT 6   [ RunTime:0.0000s ]
SQL: SELECT `id`,`id`,`name` FROM `article` WHERE `article_category_id` = 4 LIMIT 6   [ RunTime:0.0000s ]
SQL: SELECT `id`,`id`,`name` FROM `article` WHERE `article_category_id` = 5 LIMIT 6   [ RunTime:0.0000s ]
SQL: SELECT `id`,`id`,`name` FROM `article` WHERE `article_category_id` = 6 LIMIT 6   [ RunTime:0.0000s ]
SQL: SELECT `id`,`id`,`name` FROM `article` WHERE `article_category_id` = 7 LIMIT 6   [ RunTime:0.0000s ]
SQL: SELECT `id`,`id`,`name` FROM `article` WHERE `article_category_id` = 8 LIMIT 6   [ RunTime:0.0000s ]
INFO: [ view_parse ] --START--
INFO: [ template_filter ] --START--
INFO: Run Behavior\ContentReplaceBehavior [ RunTime:0.000000s ]
INFO: [ template_filter ] --END-- [ RunTime:0.000000s ]
INFO: Run Behavior\ParseTemplateBehavior [ RunTime:0.031250s ]
INFO: [ view_parse ] --END-- [ RunTime:0.031250s ]
INFO: [ view_filter ] --START--
INFO: Run Behavior\WriteHtmlCacheBehavior [ RunTime:0.000000s ]
INFO: [ view_filter ] --END-- [ RunTime:0.000000s ]
INFO: [ app_end ] --START--
INFO: Run Behavior\ShowPageTraceBehavior [ RunTime:0.000000s ]
INFO: [ app_end ] --END-- [ RunTime:0.000000s ]

[ 2016-05-28T16:21:50+08:00 ] 127.0.0.1 /index.php/Member/getUserInfo.html
INFO: [ app_init ] --START--
INFO: Run Behavior\BuildLiteBehavior [ RunTime:0.000000s ]
INFO: [ app_init ] --END-- [ RunTime:0.000000s ]
INFO: [ app_begin ] --START--
INFO: Run Behavior\ReadHtmlCacheBehavior [ RunTime:0.000000s ]
INFO: [ app_begin ] --END-- [ RunTime:0.000000s ]
SQL: SHOW COLUMNS FROM `member` [ RunTime:0.0000s ]
NOTIC: [2] Missing argument 1 for login(), called in D:\jingxishop\www.shop.com\Application\Home\Controller\MemberController.class.php on line 110 and defined D:\jingxishop\www.shop.com\Application\Home\Common\function.php 第 9 行.
NOTIC: [8] Undefined variable: user_info D:\jingxishop\www.shop.com\Application\Home\Common\function.php 第 10 行.

[ 2016-05-28T16:21:52+08:00 ] 127.0.0.1 /index.php/Test/download.html
INFO: [ app_init ] --START--
INFO: Run Behavior\BuildLiteBehavior [ RunTime:0.000000s ]
INFO: [ app_init ] --END-- [ RunTime:0.000000s ]
INFO: [ app_begin ] --START--
INFO: Run Behavior\ReadHtmlCacheBehavior [ RunTime:0.015625s ]
INFO: [ app_begin ] --END-- [ RunTime:0.015625s ]
NOTIC: [2] readfile(./2.png): failed to open stream: No such file or directory D:\jingxishop\www.shop.com\Application\Home\Controller\TestController.class.php 第 33 行.
INFO: [ app_end ] --START--
INFO: Run Behavior\ShowPageTraceBehavior [ RunTime:0.000000s ]
INFO: [ app_end ] --END-- [ RunTime:0.000000s ]

[ 2016-05-28T16:22:33+08:00 ] 127.0.0.1 /index.php/Test/download.html
INFO: [ app_init ] --START--
INFO: Run Behavior\BuildLiteBehavior [ RunTime:0.000000s ]
INFO: [ app_init ] --END-- [ RunTime:0.000000s ]
INFO: [ app_begin ] --START--
INFO: Run Behavior\ReadHtmlCacheBehavior [ RunTime:0.000000s ]
INFO: [ app_begin ] --END-- [ RunTime:0.000000s ]
NOTIC: [2] readfile(./1.png): failed to open stream: No such file or directory D:\jingxishop\www.shop.com\Application\Home\Controller\TestController.class.php 第 33 行.
INFO: [ app_end ] --START--
INFO: Run Behavior\ShowPageTraceBehavior [ RunTime:0.000000s ]
INFO: [ app_end ] --END-- [ RunTime:0.000000s ]

